[ 2018-01-27T03:51:16+08:00 ] 203.208.60.215 /index.php/Home/Index/article/aid/24
INFO: [ app_init ] --START--
INFO: Run Behavior\BuildLiteBehavior [ RunTime:0.000006s ]
INFO: [ app_init ] --END-- [ RunTime:0.000159s ]
INFO: [ app_begin ] --START--
INFO: Run Behavior\ReadHtmlCacheBehavior [ RunTime:0.000208s ]
INFO: [ app_begin ] --END-- [ RunTime:0.000228s ]
SQL: SHOW COLUMNS FROM `bjy_article` [ RunTime:0.0005s ]
SQL: SELECT `aid`,`title` FROM `bjy_article` WHERE `is_show` = 1 AND `is_delete` = 0 AND `is_top` = 1 ORDER BY aid desc  [ RunTime:0.0003s ]
SQL: SHOW COLUMNS FROM `bjy_comment` [ RunTime:0.0003s ]
SQL: SHOW COLUMNS FROM `bjy_oauth_user` [ RunTime:0.0003s ]
SQL: SELECT `id` FROM `bjy_oauth_user` WHERE (  is_admin )  [ RunTime:0.0001s ]
SQL: SELECT c.content,c.date,a.title,a.aid,ou.nickname,ou.head_img FROM bjy_comment c INNER JOIN bjy_article a ON c.aid=a.aid INNER JOIN bjy_oauth_user ou ON c.ouid=ou.id  WHERE c.is_delete = 0 ORDER BY c.date desc LIMIT 20   [ RunTime:0.0002s ]
NOTIC: [2] Invalid argument supplied for foreach() /var/www/html/blog/Application/Common/Model/CommentModel.class.php 第 202 行.
SQL: SHOW COLUMNS FROM `bjy_category` [ RunTime:0.0003s ]
SQL: SELECT * FROM `bjy_category` ORDER BY sort  [ RunTime:0.0001s ]
SQL: SHOW COLUMNS FROM `bjy_tag` [ RunTime:0.0002s ]
SQL: SELECT * FROM `bjy_tag`  [ RunTime:0.0001s ]
SQL: SHOW COLUMNS FROM `bjy_article_tag` [ RunTime:0.0002s ]
SQL: SELECT COUNT(*) AS tp_count FROM `bjy_article_tag` WHERE `tid` = 21 LIMIT 1   [ RunTime:0.0001s ]
SQL: SELECT COUNT(*) AS tp_count FROM `bjy_article_tag` WHERE `tid` = 22 LIMIT 1   [ RunTime:0.0001s ]
SQL: SELECT COUNT(*) AS tp_count FROM `bjy_article_tag` WHERE `tid` = 23 LIMIT 1   [ RunTime:0.0001s ]
SQL: SELECT COUNT(*) AS tp_count FROM `bjy_article_tag` WHERE `tid` = 24 LIMIT 1   [ RunTime:0.0001s ]
SQL: SELECT COUNT(*) AS tp_count FROM `bjy_article_tag` WHERE `tid` = 25 LIMIT 1   [ RunTime:0.0001s ]
SQL: SELECT COUNT(*) AS tp_count FROM `bjy_article_tag` WHERE `tid` = 26 LIMIT 1   [ RunTime:0.0001s ]
SQL: SELECT COUNT(*) AS tp_count FROM `bjy_article_tag` WHERE `tid` = 27 LIMIT 1   [ RunTime:0.0001s ]
SQL: SELECT COUNT(*) AS tp_count FROM `bjy_article_tag` WHERE `tid` = 28 LIMIT 1   [ RunTime:0.0001s ]
SQL: SELECT COUNT(*) AS tp_count FROM `bjy_article_tag` WHERE `tid` = 29 LIMIT 1   [ RunTime:0.0001s ]
SQL: SELECT COUNT(*) AS tp_count FROM `bjy_article_tag` WHERE `tid` = 30 LIMIT 1   [ RunTime:0.0001s ]
SQL: SELECT COUNT(*) AS tp_count FROM `bjy_article_tag` WHERE `tid` = 31 LIMIT 1   [ RunTime:0.0001s ]
SQL: SHOW COLUMNS FROM `bjy_link` [ RunTime:0.0003s ]
SQL: SELECT * FROM `bjy_link` WHERE `is_delete` = 0 AND `is_show` = 1 ORDER BY sort  [ RunTime:0.0001s ]
NOTIC: [2] array_key_exists() expects parameter 2 to be array, null given /var/www/html/blog/Application/Home/Controller/IndexController.class.php 第 77 行.
SQL: UPDATE `bjy_article` SET `click`=click+1 WHERE `aid` = 24 [ RunTime:0.0269s ]
SQL: SHOW COLUMNS FROM `bjy_article` [ RunTime:0.0003s ]
NOTIC: [8] Undefined index: title /var/www/html/blog/Application/Common/Model/ArticleModel.class.php 第 297 行.
SQL: SELECT `aid`,`title` FROM `bjy_article` WHERE `title` LIKE '%%' AND (  `is_show` = 1 ) AND (  `is_delete` = 0 ) AND `aid` > 24 LIMIT 1   [ RunTime:0.0002s ]
SQL: SELECT `aid`,`title` FROM `bjy_article` WHERE `title` LIKE '%%' AND (  `is_show` = 1 ) AND (  `is_delete` = 0 ) AND `aid` < 24 ORDER BY aid desc LIMIT 1   [ RunTime:0.0002s ]
SQL: SELECT * FROM `bjy_article` WHERE `aid` = 24 LIMIT 1   [ RunTime:0.0002s ]
SQL: SHOW COLUMNS FROM `bjy_article_tag` [ RunTime:0.0002s ]
SQL: SELECT `tid` FROM `bjy_article_tag` WHERE `aid` = 24  [ RunTime:0.0001s ]
SQL: SHOW COLUMNS FROM `bjy_article_tag` [ RunTime:0.0002s ]
SQL: SELECT * FROM `bjy_article_tag` INNER JOIN bjy_tag ON bjy_article_tag.tid=bjy_tag.tid  WHERE `aid` = 24  [ RunTime:0.0002s ]
SQL: SELECT `cid`,`cid`,`cname`,`keywords` FROM `bjy_category` WHERE `cid` = 31  [ RunTime:0.0001s ]
SQL: SELECT c.*,ou.nickname,ou.head_img FROM bjy_comment c INNER JOIN bjy_oauth_user ou ON c.ouid=ou.id  WHERE c.status = 1 AND c.aid = 24 AND c.pid = 0 AND c.is_delete = 0 ORDER BY date desc  [ RunTime:0.0002s ]
NOTIC: [2] Invalid argument supplied for foreach() /var/www/html/blog/Application/Common/Model/CommentModel.class.php 第 135 行.
INFO: [ view_parse ] --START--
INFO: [ template_filter ] --START--
INFO: Run Behavior\ContentReplaceBehavior [ RunTime:0.000138s ]
INFO: [ template_filter ] --END-- [ RunTime:0.000157s ]
NOTIC: [8] Undefined variable: user_email /var/www/html/blog/Runtime/Cache/Home/d4c1149384e4970b24973a696680cd70.php 第 17 行.
NOTIC: [8] Undefined variable: user_email /var/www/html/blog/Runtime/Cache/Home/d4c1149384e4970b24973a696680cd70.php 第 19 行.
INFO: Run Behavior\ParseTemplateBehavior [ RunTime:0.007347s ]
INFO: [ view_parse ] --END-- [ RunTime:0.007363s ]
INFO: [ view_filter ] --START--
INFO: Run Behavior\WriteHtmlCacheBehavior [ RunTime:0.000082s ]
INFO: [ view_filter ] --END-- [ RunTime:0.000096s ]
INFO: [ app_end ] --START--
INFO: Run Behavior\ShowPageTraceBehavior [ RunTime:0.000235s ]
INFO: [ app_end ] --END-- [ RunTime:0.000253s ]

[ 2018-01-27T04:11:36+08:00 ] 203.208.60.213 /
INFO: [ app_init ] --START--
INFO: Run Behavior\BuildLiteBehavior [ RunTime:0.000008s ]
INFO: [ app_init ] --END-- [ RunTime:0.000212s ]
INFO: [ app_begin ] --START--
INFO: Run Behavior\ReadHtmlCacheBehavior [ RunTime:0.000282s ]
INFO: [ app_begin ] --END-- [ RunTime:0.000306s ]
SQL: SHOW COLUMNS FROM `bjy_article` [ RunTime:0.0006s ]
SQL: SELECT `aid`,`title` FROM `bjy_article` WHERE `is_show` = 1 AND `is_delete` = 0 AND `is_top` = 1 ORDER BY aid desc  [ RunTime:0.0003s ]
SQL: SHOW COLUMNS FROM `bjy_comment` [ RunTime:0.0003s ]
SQL: SHOW COLUMNS FROM `bjy_oauth_user` [ RunTime:0.0003s ]
SQL: SELECT `id` FROM `bjy_oauth_user` WHERE (  is_admin )  [ RunTime:0.0001s ]
SQL: SELECT c.content,c.date,a.title,a.aid,ou.nickname,ou.head_img FROM bjy_comment c INNER JOIN bjy_article a ON c.aid=a.aid INNER JOIN bjy_oauth_user ou ON c.ouid=ou.id  WHERE c.is_delete = 0 ORDER BY c.date desc LIMIT 20   [ RunTime:0.0002s ]
NOTIC: [2] Invalid argument supplied for foreach() /var/www/html/blog/Application/Common/Model/CommentModel.class.php 第 202 行.
SQL: SHOW COLUMNS FROM `bjy_category` [ RunTime:0.0003s ]
SQL: SELECT * FROM `bjy_category` ORDER BY sort  [ RunTime:0.0001s ]
SQL: SHOW COLUMNS FROM `bjy_tag` [ RunTime:0.0002s ]
SQL: SELECT * FROM `bjy_tag`  [ RunTime:0.0001s ]
SQL: SHOW COLUMNS FROM `bjy_article_tag` [ RunTime:0.0002s ]
SQL: SELECT COUNT(*) AS tp_count FROM `bjy_article_tag` WHERE `tid` = 21 LIMIT 1   [ RunTime:0.0001s ]
SQL: SELECT COUNT(*) AS tp_count FROM `bjy_article_tag` WHERE `tid` = 22 LIMIT 1   [ RunTime:0.0001s ]
SQL: SELECT COUNT(*) AS tp_count FROM `bjy_article_tag` WHERE `tid` = 23 LIMIT 1   [ RunTime:0.0001s ]
SQL: SELECT COUNT(*) AS tp_count FROM `bjy_article_tag` WHERE `tid` = 24 LIMIT 1   [ RunTime:0.0001s ]
SQL: SELECT COUNT(*) AS tp_count FROM `bjy_article_tag` WHERE `tid` = 25 LIMIT 1   [ RunTime:0.0001s ]
SQL: SELECT COUNT(*) AS tp_count FROM `bjy_article_tag` WHERE `tid` = 26 LIMIT 1   [ RunTime:0.0001s ]
SQL: SELECT COUNT(*) AS tp_count FROM `bjy_article_tag` WHERE `tid` = 27 LIMIT 1   [ RunTime:0.0001s ]
SQL: SELECT COUNT(*) AS tp_count FROM `bjy_article_tag` WHERE `tid` = 28 LIMIT 1   [ RunTime:0.0001s ]
SQL: SELECT COUNT(*) AS tp_count FROM `bjy_article_tag` WHERE `tid` = 29 LIMIT 1   [ RunTime:0.0001s ]
SQL: SELECT COUNT(*) AS tp_count FROM `bjy_article_tag` WHERE `tid` = 30 LIMIT 1   [ RunTime:0.0001s ]
SQL: SELECT COUNT(*) AS tp_count FROM `bjy_article_tag` WHERE `tid` = 31 LIMIT 1   [ RunTime:0.0001s ]
SQL: SHOW COLUMNS FROM `bjy_link` [ RunTime:0.0002s ]
SQL: SELECT * FROM `bjy_link` WHERE `is_delete` = 0 AND `is_show` = 1 ORDER BY sort  [ RunTime:0.0001s ]
SQL: SHOW COLUMNS FROM `bjy_article` [ RunTime:0.0003s ]
SQL: SELECT COUNT(*) AS tp_count FROM `bjy_article` WHERE `is_delete` = 0 AND `is_show` = 1 LIMIT 1   [ RunTime:0.0001s ]
SQL: SELECT * FROM `bjy_article` WHERE `is_delete` = 0 AND `is_show` = 1 ORDER BY addtime desc LIMIT 0,10   [ RunTime:0.0005s ]
SQL: SHOW COLUMNS FROM `bjy_article_tag` [ RunTime:0.0002s ]
SQL: SHOW COLUMNS FROM `bjy_article_tag` [ RunTime:0.0002s ]
SQL: SELECT * FROM `bjy_article_tag` INNER JOIN bjy_tag ON bjy_article_tag.tid=bjy_tag.tid  WHERE `aid` = '33'  [ RunTime:0.0001s ]
SQL: SHOW COLUMNS FROM `bjy_article_pic` [ RunTime:0.0002s ]
SQL: SELECT `path` FROM `bjy_article_pic` WHERE `aid` = 33 ORDER BY ap_id asc LIMIT 1   [ RunTime:0.0001s ]
SQL: SELECT `cid`,`cid`,`cname` FROM `bjy_category` WHERE `cid` = 31  [ RunTime:0.0001s ]
SQL: SELECT * FROM `bjy_article_tag` INNER JOIN bjy_tag ON bjy_article_tag.tid=bjy_tag.tid  WHERE `aid` = '32'  [ RunTime:0.0001s ]
SQL: SELECT `path` FROM `bjy_article_pic` WHERE `aid` = 32 ORDER BY ap_id asc LIMIT 1   [ RunTime:0.0001s ]
SQL: SELECT `cid`,`cid`,`cname` FROM `bjy_category` WHERE `cid` = 29  [ RunTime:0.0001s ]
SQL: SELECT * FROM `bjy_article_tag` INNER JOIN bjy_tag ON bjy_article_tag.tid=bjy_tag.tid  WHERE `aid` = '31'  [ RunTime:0.0001s ]
SQL: SELECT `path` FROM `bjy_article_pic` WHERE `aid` = 31 ORDER BY ap_id asc LIMIT 1   [ RunTime:0.0001s ]
SQL: SELECT `cid`,`cid`,`cname` FROM `bjy_category` WHERE `cid` = 34  [ RunTime:0.0001s ]
SQL: SELECT * FROM `bjy_article_tag` INNER JOIN bjy_tag ON bjy_article_tag.tid=bjy_tag.tid  WHERE `aid` = '30'  [ RunTime:0.0001s ]
SQL: SELECT `path` FROM `bjy_article_pic` WHERE `aid` = 30 ORDER BY ap_id asc LIMIT 1   [ RunTime:0.0001s ]
SQL: SELECT `cid`,`cid`,`cname` FROM `bjy_category` WHERE `cid` = 31  [ RunTime:0.0001s ]
SQL: SELECT * FROM `bjy_article_tag` INNER JOIN bjy_tag ON bjy_article_tag.tid=bjy_tag.tid  WHERE `aid` = '29'  [ RunTime:0.0002s ]
SQL: SELECT `path` FROM `bjy_article_pic` WHERE `aid` = 29 ORDER BY ap_id asc LIMIT 1   [ RunTime:0.0001s ]
SQL: SELECT `cid`,`cid`,`cname` FROM `bjy_category` WHERE `cid` = 34  [ RunTime:0.0001s ]
SQL: SELECT * FROM `bjy_article_tag` INNER JOIN bjy_tag ON bjy_article_tag.tid=bjy_tag.tid  WHERE `aid` = '28'  [ RunTime:0.0001s ]
SQL: SELECT `path` FROM `bjy_article_pic` WHERE `aid` = 28 ORDER BY ap_id asc LIMIT 1   [ RunTime:0.0001s ]
SQL: SELECT `cid`,`cid`,`cname` FROM `bjy_category` WHERE `cid` = 33  [ RunTime:0.0001s ]
SQL: SELECT * FROM `bjy_article_tag` INNER JOIN bjy_tag ON bjy_article_tag.tid=bjy_tag.tid  WHERE `aid` = '27'  [ RunTime:0.0002s ]
SQL: SELECT `path` FROM `bjy_article_pic` WHERE `aid` = 27 ORDER BY ap_id asc LIMIT 1   [ RunTime:0.0001s ]
SQL: SELECT `cid`,`cid`,`cname` FROM `bjy_category` WHERE `cid` = 32  [ RunTime:0.0001s ]
SQL: SELECT * FROM `bjy_article_tag` INNER JOIN bjy_tag ON bjy_article_tag.tid=bjy_tag.tid  WHERE `aid` = '26'  [ RunTime:0.0002s ]
SQL: SELECT `path` FROM `bjy_article_pic` WHERE `aid` = 26 ORDER BY ap_id asc LIMIT 1   [ RunTime:0.0001s ]
SQL: SELECT `cid`,`cid`,`cname` FROM `bjy_category` WHERE `cid` = 31  [ RunTime:0.0001s ]
SQL: SELECT * FROM `bjy_article_tag` INNER JOIN bjy_tag ON bjy_article_tag.tid=bjy_tag.tid  WHERE `aid` = '24'  [ RunTime:0.0001s ]
SQL: SELECT `path` FROM `bjy_article_pic` WHERE `aid` = 24 ORDER BY ap_id asc LIMIT 1   [ RunTime:0.0001s ]
SQL: SELECT `cid`,`cid`,`cname` FROM `bjy_category` WHERE `cid` = 31  [ RunTime:0.0001s ]
SQL: SELECT * FROM `bjy_article_tag` INNER JOIN bjy_tag ON bjy_article_tag.tid=bjy_tag.tid  WHERE `aid` = '23'  [ RunTime:0.0001s ]
SQL: SELECT `path` FROM `bjy_article_pic` WHERE `aid` = 23 ORDER BY ap_id asc LIMIT 1   [ RunTime:0.0001s ]
SQL: SELECT `cid`,`cid`,`cname` FROM `bjy_category` WHERE `cid` = 33  [ RunTime:0.0001s ]
INFO: [ view_parse ] --START--
INFO: [ template_filter ] --START--
INFO: Run Behavior\ContentReplaceBehavior [ RunTime:0.000109s ]
INFO: [ template_filter ] --END-- [ RunTime:0.000128s ]
NOTIC: [8] Use of undefined constant url - assumed 'url' /var/www/html/blog/Runtime/Cache/Home/08d30c77e78bd0ac29232fbc421b5dcd.php 第 53 行.
INFO: Run Behavior\ParseTemplateBehavior [ RunTime:0.006179s ]
INFO: [ view_parse ] --END-- [ RunTime:0.006196s ]
INFO: [ view_filter ] --START--
INFO: Run Behavior\WriteHtmlCacheBehavior [ RunTime:0.000068s ]
INFO: [ view_filter ] --END-- [ RunTime:0.000082s ]
INFO: [ app_end ] --START--
INFO: Run Behavior\ShowPageTraceBehavior [ RunTime:0.000232s ]
INFO: [ app_end ] --END-- [ RunTime:0.000251s ]

[ 2018-01-27T06:04:49+08:00 ] 113.108.10.5 /index.php/Home/Index/article/aid/24
INFO: [ app_init ] --START--
INFO: Run Behavior\BuildLiteBehavior [ RunTime:0.000008s ]
INFO: [ app_init ] --END-- [ RunTime:0.000191s ]
INFO: [ app_begin ] --START--
INFO: Run Behavior\ReadHtmlCacheBehavior [ RunTime:0.000203s ]
INFO: [ app_begin ] --END-- [ RunTime:0.000224s ]
SQL: SHOW COLUMNS FROM `bjy_article` [ RunTime:0.0005s ]
SQL: SELECT `aid`,`title` FROM `bjy_article` WHERE `is_show` = 1 AND `is_delete` = 0 AND `is_top` = 1 ORDER BY aid desc  [ RunTime:0.0002s ]
SQL: SHOW COLUMNS FROM `bjy_comment` [ RunTime:0.0003s ]
SQL: SHOW COLUMNS FROM `bjy_oauth_user` [ RunTime:0.0003s ]
SQL: SELECT `id` FROM `bjy_oauth_user` WHERE (  is_admin )  [ RunTime:0.0001s ]
SQL: SELECT c.content,c.date,a.title,a.aid,ou.nickname,ou.head_img FROM bjy_comment c INNER JOIN bjy_article a ON c.aid=a.aid INNER JOIN bjy_oauth_user ou ON c.ouid=ou.id  WHERE c.is_delete = 0 ORDER BY c.date desc LIMIT 20   [ RunTime:0.0002s ]
NOTIC: [2] Invalid argument supplied for foreach() /var/www/html/blog/Application/Common/Model/CommentModel.class.php 第 202 行.
SQL: SHOW COLUMNS FROM `bjy_category` [ RunTime:0.0003s ]
SQL: SELECT * FROM `bjy_category` ORDER BY sort  [ RunTime:0.0001s ]
SQL: SHOW COLUMNS FROM `bjy_tag` [ RunTime:0.0002s ]
SQL: SELECT * FROM `bjy_tag`  [ RunTime:0.0001s ]
SQL: SHOW COLUMNS FROM `bjy_article_tag` [ RunTime:0.0002s ]
SQL: SELECT COUNT(*) AS tp_count FROM `bjy_article_tag` WHERE `tid` = 21 LIMIT 1   [ RunTime:0.0001s ]
SQL: SELECT COUNT(*) AS tp_count FROM `bjy_article_tag` WHERE `tid` = 22 LIMIT 1   [ RunTime:0.0001s ]
SQL: SELECT COUNT(*) AS tp_count FROM `bjy_article_tag` WHERE `tid` = 23 LIMIT 1   [ RunTime:0.0001s ]
SQL: SELECT COUNT(*) AS tp_count FROM `bjy_article_tag` WHERE `tid` = 24 LIMIT 1   [ RunTime:0.0001s ]
SQL: SELECT COUNT(*) AS tp_count FROM `bjy_article_tag` WHERE `tid` = 25 LIMIT 1   [ RunTime:0.0001s ]
SQL: SELECT COUNT(*) AS tp_count FROM `bjy_article_tag` WHERE `tid` = 26 LIMIT 1   [ RunTime:0.0001s ]
SQL: SELECT COUNT(*) AS tp_count FROM `bjy_article_tag` WHERE `tid` = 27 LIMIT 1   [ RunTime:0.0001s ]
SQL: SELECT COUNT(*) AS tp_count FROM `bjy_article_tag` WHERE `tid` = 28 LIMIT 1   [ RunTime:0.0001s ]
SQL: SELECT COUNT(*) AS tp_count FROM `bjy_article_tag` WHERE `tid` = 29 LIMIT 1   [ RunTime:0.0001s ]
SQL: SELECT COUNT(*) AS tp_count FROM `bjy_article_tag` WHERE `tid` = 30 LIMIT 1   [ RunTime:0.0001s ]
SQL: SELECT COUNT(*) AS tp_count FROM `bjy_article_tag` WHERE `tid` = 31 LIMIT 1   [ RunTime:0.0001s ]
SQL: SHOW COLUMNS FROM `bjy_link` [ RunTime:0.0003s ]
SQL: SELECT * FROM `bjy_link` WHERE `is_delete` = 0 AND `is_show` = 1 ORDER BY sort  [ RunTime:0.0001s ]
NOTIC: [2] array_key_exists() expects parameter 2 to be array, null given /var/www/html/blog/Application/Home/Controller/IndexController.class.php 第 77 行.
SQL: UPDATE `bjy_article` SET `click`=click+1 WHERE `aid` = 24 [ RunTime:0.0244s ]
SQL: SHOW COLUMNS FROM `bjy_article` [ RunTime:0.0003s ]
NOTIC: [8] Undefined index: title /var/www/html/blog/Application/Common/Model/ArticleModel.class.php 第 297 行.
SQL: SELECT `aid`,`title` FROM `bjy_article` WHERE `title` LIKE '%%' AND (  `is_show` = 1 ) AND (  `is_delete` = 0 ) AND `aid` > 24 LIMIT 1   [ RunTime:0.0002s ]
SQL: SELECT `aid`,`title` FROM `bjy_article` WHERE `title` LIKE '%%' AND (  `is_show` = 1 ) AND (  `is_delete` = 0 ) AND `aid` < 24 ORDER BY aid desc LIMIT 1   [ RunTime:0.0002s ]
SQL: SELECT * FROM `bjy_article` WHERE `aid` = 24 LIMIT 1   [ RunTime:0.0001s ]
SQL: SHOW COLUMNS FROM `bjy_article_tag` [ RunTime:0.0002s ]
SQL: SELECT `tid` FROM `bjy_article_tag` WHERE `aid` = 24  [ RunTime:0.0001s ]
SQL: SHOW COLUMNS FROM `bjy_article_tag` [ RunTime:0.0002s ]
SQL: SELECT * FROM `bjy_article_tag` INNER JOIN bjy_tag ON bjy_article_tag.tid=bjy_tag.tid  WHERE `aid` = 24  [ RunTime:0.0002s ]
SQL: SELECT `cid`,`cid`,`cname`,`keywords` FROM `bjy_category` WHERE `cid` = 31  [ RunTime:0.0001s ]
SQL: SELECT c.*,ou.nickname,ou.head_img FROM bjy_comment c INNER JOIN bjy_oauth_user ou ON c.ouid=ou.id  WHERE c.status = 1 AND c.aid = 24 AND c.pid = 0 AND c.is_delete = 0 ORDER BY date desc  [ RunTime:0.0002s ]
NOTIC: [2] Invalid argument supplied for foreach() /var/www/html/blog/Application/Common/Model/CommentModel.class.php 第 135 行.
INFO: [ view_parse ] --START--
INFO: [ template_filter ] --START--
INFO: Run Behavior\ContentReplaceBehavior [ RunTime:0.000134s ]
INFO: [ template_filter ] --END-- [ RunTime:0.000154s ]
NOTIC: [8] Undefined variable: user_email /var/www/html/blog/Runtime/Cache/Home/d4c1149384e4970b24973a696680cd70.php 第 17 行.
NOTIC: [8] Undefined variable: user_email /var/www/html/blog/Runtime/Cache/Home/d4c1149384e4970b24973a696680cd70.php 第 19 行.
INFO: Run Behavior\ParseTemplateBehavior [ RunTime:0.006918s ]
INFO: [ view_parse ] --END-- [ RunTime:0.006934s ]
INFO: [ view_filter ] --START--
INFO: Run Behavior\WriteHtmlCacheBehavior [ RunTime:0.000068s ]
INFO: [ view_filter ] --END-- [ RunTime:0.000081s ]
INFO: [ app_end ] --START--
INFO: Run Behavior\ShowPageTraceBehavior [ RunTime:0.000233s ]
INFO: [ app_end ] --END-- [ RunTime:0.000252s ]

[ 2018-01-27T10:26:24+08:00 ] 157.55.39.182 /
INFO: [ app_init ] --START--
INFO: Run Behavior\BuildLiteBehavior [ RunTime:0.000007s ]
INFO: [ app_init ] --END-- [ RunTime:0.000158s ]
INFO: [ app_begin ] --START--
INFO: Run Behavior\ReadHtmlCacheBehavior [ RunTime:0.000206s ]
INFO: [ app_begin ] --END-- [ RunTime:0.000226s ]
SQL: SHOW COLUMNS FROM `bjy_article` [ RunTime:0.0005s ]
SQL: SELECT `aid`,`title` FROM `bjy_article` WHERE `is_show` = 1 AND `is_delete` = 0 AND `is_top` = 1 ORDER BY aid desc  [ RunTime:0.0002s ]
SQL: SHOW COLUMNS FROM `bjy_comment` [ RunTime:0.0003s ]
SQL: SHOW COLUMNS FROM `bjy_oauth_user` [ RunTime:0.0003s ]
SQL: SELECT `id` FROM `bjy_oauth_user` WHERE (  is_admin )  [ RunTime:0.0001s ]
SQL: SELECT c.content,c.date,a.title,a.aid,ou.nickname,ou.head_img FROM bjy_comment c INNER JOIN bjy_article a ON c.aid=a.aid INNER JOIN bjy_oauth_user ou ON c.ouid=ou.id  WHERE c.is_delete = 0 ORDER BY c.date desc LIMIT 20   [ RunTime:0.0002s ]
NOTIC: [2] Invalid argument supplied for foreach() /var/www/html/blog/Application/Common/Model/CommentModel.class.php 第 202 行.
SQL: SHOW COLUMNS FROM `bjy_category` [ RunTime:0.0003s ]
SQL: SELECT * FROM `bjy_category` ORDER BY sort  [ RunTime:0.0001s ]
SQL: SHOW COLUMNS FROM `bjy_tag` [ RunTime:0.0002s ]
SQL: SELECT * FROM `bjy_tag`  [ RunTime:0.0001s ]
SQL: SHOW COLUMNS FROM `bjy_article_tag` [ RunTime:0.0002s ]
SQL: SELECT COUNT(*) AS tp_count FROM `bjy_article_tag` WHERE `tid` = 21 LIMIT 1   [ RunTime:0.0001s ]
SQL: SELECT COUNT(*) AS tp_count FROM `bjy_article_tag` WHERE `tid` = 22 LIMIT 1   [ RunTime:0.0001s ]
SQL: SELECT COUNT(*) AS tp_count FROM `bjy_article_tag` WHERE `tid` = 23 LIMIT 1   [ RunTime:0.0001s ]
SQL: SELECT COUNT(*) AS tp_count FROM `bjy_article_tag` WHERE `tid` = 24 LIMIT 1   [ RunTime:0.0001s ]
SQL: SELECT COUNT(*) AS tp_count FROM `bjy_article_tag` WHERE `tid` = 25 LIMIT 1   [ RunTime:0.0001s ]
SQL: SELECT COUNT(*) AS tp_count FROM `bjy_article_tag` WHERE `tid` = 26 LIMIT 1   [ RunTime:0.0001s ]
SQL: SELECT COUNT(*) AS tp_count FROM `bjy_article_tag` WHERE `tid` = 27 LIMIT 1   [ RunTime:0.0001s ]
SQL: SELECT COUNT(*) AS tp_count FROM `bjy_article_tag` WHERE `tid` = 28 LIMIT 1   [ RunTime:0.0001s ]
SQL: SELECT COUNT(*) AS tp_count FROM `bjy_article_tag` WHERE `tid` = 29 LIMIT 1   [ RunTime:0.0001s ]
SQL: SELECT COUNT(*) AS tp_count FROM `bjy_article_tag` WHERE `tid` = 30 LIMIT 1   [ RunTime:0.0001s ]
SQL: SELECT COUNT(*) AS tp_count FROM `bjy_article_tag` WHERE `tid` = 31 LIMIT 1   [ RunTime:0.0001s ]
SQL: SHOW COLUMNS FROM `bjy_link` [ RunTime:0.0002s ]
SQL: SELECT * FROM `bjy_link` WHERE `is_delete` = 0 AND `is_show` = 1 ORDER BY sort  [ RunTime:0.0001s ]
SQL: SHOW COLUMNS FROM `bjy_article` [ RunTime:0.0003s ]
SQL: SELECT COUNT(*) AS tp_count FROM `bjy_article` WHERE `is_delete` = 0 AND `is_show` = 1 LIMIT 1   [ RunTime:0.0001s ]
SQL: SELECT * FROM `bjy_article` WHERE `is_delete` = 0 AND `is_show` = 1 ORDER BY addtime desc LIMIT 0,10   [ RunTime:0.0005s ]
SQL: SHOW COLUMNS FROM `bjy_article_tag` [ RunTime:0.0002s ]
SQL: SHOW COLUMNS FROM `bjy_article_tag` [ RunTime:0.0002s ]
SQL: SELECT * FROM `bjy_article_tag` INNER JOIN bjy_tag ON bjy_article_tag.tid=bjy_tag.tid  WHERE `aid` = '33'  [ RunTime:0.0001s ]
SQL: SHOW COLUMNS FROM `bjy_article_pic` [ RunTime:0.0002s ]
SQL: SELECT `path` FROM `bjy_article_pic` WHERE `aid` = 33 ORDER BY ap_id asc LIMIT 1   [ RunTime:0.0001s ]
SQL: SELECT `cid`,`cid`,`cname` FROM `bjy_category` WHERE `cid` = 31  [ RunTime:0.0001s ]
SQL: SELECT * FROM `bjy_article_tag` INNER JOIN bjy_tag ON bjy_article_tag.tid=bjy_tag.tid  WHERE `aid` = '32'  [ RunTime:0.0001s ]
SQL: SELECT `path` FROM `bjy_article_pic` WHERE `aid` = 32 ORDER BY ap_id asc LIMIT 1   [ RunTime:0.0001s ]
SQL: SELECT `cid`,`cid`,`cname` FROM `bjy_category` WHERE `cid` = 29  [ RunTime:0.0001s ]
SQL: SELECT * FROM `bjy_article_tag` INNER JOIN bjy_tag ON bjy_article_tag.tid=bjy_tag.tid  WHERE `aid` = '31'  [ RunTime:0.0001s ]
SQL: SELECT `path` FROM `bjy_article_pic` WHERE `aid` = 31 ORDER BY ap_id asc LIMIT 1   [ RunTime:0.0001s ]
SQL: SELECT `cid`,`cid`,`cname` FROM `bjy_category` WHERE `cid` = 34  [ RunTime:0.0001s ]
SQL: SELECT * FROM `bjy_article_tag` INNER JOIN bjy_tag ON bjy_article_tag.tid=bjy_tag.tid  WHERE `aid` = '30'  [ RunTime:0.0001s ]
SQL: SELECT `path` FROM `bjy_article_pic` WHERE `aid` = 30 ORDER BY ap_id asc LIMIT 1   [ RunTime:0.0001s ]
SQL: SELECT `cid`,`cid`,`cname` FROM `bjy_category` WHERE `cid` = 31  [ RunTime:0.0001s ]
SQL: SELECT * FROM `bjy_article_tag` INNER JOIN bjy_tag ON bjy_article_tag.tid=bjy_tag.tid  WHERE `aid` = '29'  [ RunTime:0.0001s ]
SQL: SELECT `path` FROM `bjy_article_pic` WHERE `aid` = 29 ORDER BY ap_id asc LIMIT 1   [ RunTime:0.0001s ]
SQL: SELECT `cid`,`cid`,`cname` FROM `bjy_category` WHERE `cid` = 34  [ RunTime:0.0001s ]
SQL: SELECT * FROM `bjy_article_tag` INNER JOIN bjy_tag ON bjy_article_tag.tid=bjy_tag.tid  WHERE `aid` = '28'  [ RunTime:0.0001s ]
SQL: SELECT `path` FROM `bjy_article_pic` WHERE `aid` = 28 ORDER BY ap_id asc LIMIT 1   [ RunTime:0.0001s ]
SQL: SELECT `cid`,`cid`,`cname` FROM `bjy_category` WHERE `cid` = 33  [ RunTime:0.0001s ]
SQL: SELECT * FROM `bjy_article_tag` INNER JOIN bjy_tag ON bjy_article_tag.tid=bjy_tag.tid  WHERE `aid` = '27'  [ RunTime:0.0001s ]
SQL: SELECT `path` FROM `bjy_article_pic` WHERE `aid` = 27 ORDER BY ap_id asc LIMIT 1   [ RunTime:0.0001s ]
SQL: SELECT `cid`,`cid`,`cname` FROM `bjy_category` WHERE `cid` = 32  [ RunTime:0.0001s ]
SQL: SELECT * FROM `bjy_article_tag` INNER JOIN bjy_tag ON bjy_article_tag.tid=bjy_tag.tid  WHERE `aid` = '26'  [ RunTime:0.0001s ]
SQL: SELECT `path` FROM `bjy_article_pic` WHERE `aid` = 26 ORDER BY ap_id asc LIMIT 1   [ RunTime:0.0001s ]
SQL: SELECT `cid`,`cid`,`cname` FROM `bjy_category` WHERE `cid` = 31  [ RunTime:0.0001s ]
SQL: SELECT * FROM `bjy_article_tag` INNER JOIN bjy_tag ON bjy_article_tag.tid=bjy_tag.tid  WHERE `aid` = '24'  [ RunTime:0.0001s ]
SQL: SELECT `path` FROM `bjy_article_pic` WHERE `aid` = 24 ORDER BY ap_id asc LIMIT 1   [ RunTime:0.0001s ]
SQL: SELECT `cid`,`cid`,`cname` FROM `bjy_category` WHERE `cid` = 31  [ RunTime:0.0001s ]
SQL: SELECT * FROM `bjy_article_tag` INNER JOIN bjy_tag ON bjy_article_tag.tid=bjy_tag.tid  WHERE `aid` = '23'  [ RunTime:0.0001s ]
SQL: SELECT `path` FROM `bjy_article_pic` WHERE `aid` = 23 ORDER BY ap_id asc LIMIT 1   [ RunTime:0.0001s ]
SQL: SELECT `cid`,`cid`,`cname` FROM `bjy_category` WHERE `cid` = 33  [ RunTime:0.0001s ]
INFO: [ view_parse ] --START--
INFO: [ template_filter ] --START--
INFO: Run Behavior\ContentReplaceBehavior [ RunTime:0.000111s ]
INFO: [ template_filter ] --END-- [ RunTime:0.000136s ]
NOTIC: [8] Use of undefined constant url - assumed 'url' /var/www/html/blog/Runtime/Cache/Home/08d30c77e78bd0ac29232fbc421b5dcd.php 第 53 行.
INFO: Run Behavior\ParseTemplateBehavior [ RunTime:0.006245s ]
INFO: [ view_parse ] --END-- [ RunTime:0.006262s ]
INFO: [ view_filter ] --START--
INFO: Run Behavior\WriteHtmlCacheBehavior [ RunTime:0.000069s ]
INFO: [ view_filter ] --END-- [ RunTime:0.000082s ]
INFO: [ app_end ] --START--
INFO: Run Behavior\ShowPageTraceBehavior [ RunTime:0.000251s ]
INFO: [ app_end ] --END-- [ RunTime:0.000270s ]

[ 2018-01-27T11:22:33+08:00 ] 203.208.60.217 /index.php/Home/Index/article/aid/24
INFO: [ app_init ] --START--
INFO: Run Behavior\BuildLiteBehavior [ RunTime:0.000007s ]
INFO: [ app_init ] --END-- [ RunTime:0.000167s ]
INFO: [ app_begin ] --START--
INFO: Run Behavior\ReadHtmlCacheBehavior [ RunTime:0.000224s ]
INFO: [ app_begin ] --END-- [ RunTime:0.000244s ]
SQL: SHOW COLUMNS FROM `bjy_article` [ RunTime:0.0005s ]
SQL: SELECT `aid`,`title` FROM `bjy_article` WHERE `is_show` = 1 AND `is_delete` = 0 AND `is_top` = 1 ORDER BY aid desc  [ RunTime:0.0002s ]
SQL: SHOW COLUMNS FROM `bjy_comment` [ RunTime:0.0003s ]
SQL: SHOW COLUMNS FROM `bjy_oauth_user` [ RunTime:0.0003s ]
SQL: SELECT `id` FROM `bjy_oauth_user` WHERE (  is_admin )  [ RunTime:0.0001s ]
SQL: SELECT c.content,c.date,a.title,a.aid,ou.nickname,ou.head_img FROM bjy_comment c INNER JOIN bjy_article a ON c.aid=a.aid INNER JOIN bjy_oauth_user ou ON c.ouid=ou.id  WHERE c.is_delete = 0 ORDER BY c.date desc LIMIT 20   [ RunTime:0.0002s ]
NOTIC: [2] Invalid argument supplied for foreach() /var/www/html/blog/Application/Common/Model/CommentModel.class.php 第 202 行.
SQL: SHOW COLUMNS FROM `bjy_category` [ RunTime:0.0003s ]
SQL: SELECT * FROM `bjy_category` ORDER BY sort  [ RunTime:0.0001s ]
SQL: SHOW COLUMNS FROM `bjy_tag` [ RunTime:0.0002s ]
SQL: SELECT * FROM `bjy_tag`  [ RunTime:0.0001s ]
SQL: SHOW COLUMNS FROM `bjy_article_tag` [ RunTime:0.0002s ]
SQL: SELECT COUNT(*) AS tp_count FROM `bjy_article_tag` WHERE `tid` = 21 LIMIT 1   [ RunTime:0.0001s ]
SQL: SELECT COUNT(*) AS tp_count FROM `bjy_article_tag` WHERE `tid` = 22 LIMIT 1   [ RunTime:0.0001s ]
SQL: SELECT COUNT(*) AS tp_count FROM `bjy_article_tag` WHERE `tid` = 23 LIMIT 1   [ RunTime:0.0001s ]
SQL: SELECT COUNT(*) AS tp_count FROM `bjy_article_tag` WHERE `tid` = 24 LIMIT 1   [ RunTime:0.0001s ]
SQL: SELECT COUNT(*) AS tp_count FROM `bjy_article_tag` WHERE `tid` = 25 LIMIT 1   [ RunTime:0.0001s ]
SQL: SELECT COUNT(*) AS tp_count FROM `bjy_article_tag` WHERE `tid` = 26 LIMIT 1   [ RunTime:0.0001s ]
SQL: SELECT COUNT(*) AS tp_count FROM `bjy_article_tag` WHERE `tid` = 27 LIMIT 1   [ RunTime:0.0001s ]
SQL: SELECT COUNT(*) AS tp_count FROM `bjy_article_tag` WHERE `tid` = 28 LIMIT 1   [ RunTime:0.0001s ]
SQL: SELECT COUNT(*) AS tp_count FROM `bjy_article_tag` WHERE `tid` = 29 LIMIT 1   [ RunTime:0.0001s ]
SQL: SELECT COUNT(*) AS tp_count FROM `bjy_article_tag` WHERE `tid` = 30 LIMIT 1   [ RunTime:0.0001s ]
SQL: SELECT COUNT(*) AS tp_count FROM `bjy_article_tag` WHERE `tid` = 31 LIMIT 1   [ RunTime:0.0001s ]
SQL: SHOW COLUMNS FROM `bjy_link` [ RunTime:0.0002s ]
SQL: SELECT * FROM `bjy_link` WHERE `is_delete` = 0 AND `is_show` = 1 ORDER BY sort  [ RunTime:0.0001s ]
NOTIC: [2] array_key_exists() expects parameter 2 to be array, null given /var/www/html/blog/Application/Home/Controller/IndexController.class.php 第 77 行.
SQL: UPDATE `bjy_article` SET `click`=click+1 WHERE `aid` = 24 [ RunTime:0.0168s ]
SQL: SHOW COLUMNS FROM `bjy_article` [ RunTime:0.0004s ]
NOTIC: [8] Undefined index: title /var/www/html/blog/Application/Common/Model/ArticleModel.class.php 第 297 行.
SQL: SELECT `aid`,`title` FROM `bjy_article` WHERE `title` LIKE '%%' AND (  `is_show` = 1 ) AND (  `is_delete` = 0 ) AND `aid` > 24 LIMIT 1   [ RunTime:0.0002s ]
SQL: SELECT `aid`,`title` FROM `bjy_article` WHERE `title` LIKE '%%' AND (  `is_show` = 1 ) AND (  `is_delete` = 0 ) AND `aid` < 24 ORDER BY aid desc LIMIT 1   [ RunTime:0.0002s ]
SQL: SELECT * FROM `bjy_article` WHERE `aid` = 24 LIMIT 1   [ RunTime:0.0001s ]
SQL: SHOW COLUMNS FROM `bjy_article_tag` [ RunTime:0.0002s ]
SQL: SELECT `tid` FROM `bjy_article_tag` WHERE `aid` = 24  [ RunTime:0.0001s ]
SQL: SHOW COLUMNS FROM `bjy_article_tag` [ RunTime:0.0002s ]
SQL: SELECT * FROM `bjy_article_tag` INNER JOIN bjy_tag ON bjy_article_tag.tid=bjy_tag.tid  WHERE `aid` = 24  [ RunTime:0.0002s ]
SQL: SELECT `cid`,`cid`,`cname`,`keywords` FROM `bjy_category` WHERE `cid` = 31  [ RunTime:0.0001s ]
SQL: SELECT c.*,ou.nickname,ou.head_img FROM bjy_comment c INNER JOIN bjy_oauth_user ou ON c.ouid=ou.id  WHERE c.status = 1 AND c.aid = 24 AND c.pid = 0 AND c.is_delete = 0 ORDER BY date desc  [ RunTime:0.0002s ]
NOTIC: [2] Invalid argument supplied for foreach() /var/www/html/blog/Application/Common/Model/CommentModel.class.php 第 135 行.
INFO: [ view_parse ] --START--
INFO: [ template_filter ] --START--
INFO: Run Behavior\ContentReplaceBehavior [ RunTime:0.000144s ]
INFO: [ template_filter ] --END-- [ RunTime:0.000165s ]
NOTIC: [8] Undefined variable: user_email /var/www/html/blog/Runtime/Cache/Home/d4c1149384e4970b24973a696680cd70.php 第 17 行.
NOTIC: [8] Undefined variable: user_email /var/www/html/blog/Runtime/Cache/Home/d4c1149384e4970b24973a696680cd70.php 第 19 行.
INFO: Run Behavior\ParseTemplateBehavior [ RunTime:0.007527s ]
INFO: [ view_parse ] --END-- [ RunTime:0.007544s ]
INFO: [ view_filter ] --START--
INFO: Run Behavior\WriteHtmlCacheBehavior [ RunTime:0.000069s ]
INFO: [ view_filter ] --END-- [ RunTime:0.000083s ]
INFO: [ app_end ] --START--
INFO: Run Behavior\ShowPageTraceBehavior [ RunTime:0.000256s ]
INFO: [ app_end ] --END-- [ RunTime:0.000275s ]

[ 2018-01-27T11:41:42+08:00 ] 87.250.224.51 /index.php/Home/Index/article/aid/18
INFO: [ app_init ] --START--
INFO: Run Behavior\BuildLiteBehavior [ RunTime:0.000007s ]
INFO: [ app_init ] --END-- [ RunTime:0.000195s ]
INFO: [ app_begin ] --START--
INFO: Run Behavior\ReadHtmlCacheBehavior [ RunTime:0.000211s ]
INFO: [ app_begin ] --END-- [ RunTime:0.000231s ]
SQL: SHOW COLUMNS FROM `bjy_article` [ RunTime:0.0005s ]
SQL: SELECT `aid`,`title` FROM `bjy_article` WHERE `is_show` = 1 AND `is_delete` = 0 AND `is_top` = 1 ORDER BY aid desc  [ RunTime:0.0002s ]
SQL: SHOW COLUMNS FROM `bjy_comment` [ RunTime:0.0004s ]
SQL: SHOW COLUMNS FROM `bjy_oauth_user` [ RunTime:0.0003s ]
SQL: SELECT `id` FROM `bjy_oauth_user` WHERE (  is_admin )  [ RunTime:0.0001s ]
SQL: SELECT c.content,c.date,a.title,a.aid,ou.nickname,ou.head_img FROM bjy_comment c INNER JOIN bjy_article a ON c.aid=a.aid INNER JOIN bjy_oauth_user ou ON c.ouid=ou.id  WHERE c.is_delete = 0 ORDER BY c.date desc LIMIT 20   [ RunTime:0.0397s ]
NOTIC: [2] Invalid argument supplied for foreach() /var/www/html/blog/Application/Common/Model/CommentModel.class.php 第 202 行.
SQL: SHOW COLUMNS FROM `bjy_category` [ RunTime:0.0003s ]
SQL: SELECT * FROM `bjy_category` ORDER BY sort  [ RunTime:0.0001s ]
SQL: SHOW COLUMNS FROM `bjy_tag` [ RunTime:0.0002s ]
SQL: SELECT * FROM `bjy_tag`  [ RunTime:0.0001s ]
SQL: SHOW COLUMNS FROM `bjy_article_tag` [ RunTime:0.0002s ]
SQL: SELECT COUNT(*) AS tp_count FROM `bjy_article_tag` WHERE `tid` = 21 LIMIT 1   [ RunTime:0.0001s ]
SQL: SELECT COUNT(*) AS tp_count FROM `bjy_article_tag` WHERE `tid` = 22 LIMIT 1   [ RunTime:0.0001s ]
SQL: SELECT COUNT(*) AS tp_count FROM `bjy_article_tag` WHERE `tid` = 23 LIMIT 1   [ RunTime:0.0001s ]
SQL: SELECT COUNT(*) AS tp_count FROM `bjy_article_tag` WHERE `tid` = 24 LIMIT 1   [ RunTime:0.0001s ]
SQL: SELECT COUNT(*) AS tp_count FROM `bjy_article_tag` WHERE `tid` = 25 LIMIT 1   [ RunTime:0.0001s ]
SQL: SELECT COUNT(*) AS tp_count FROM `bjy_article_tag` WHERE `tid` = 26 LIMIT 1   [ RunTime:0.0002s ]
SQL: SELECT COUNT(*) AS tp_count FROM `bjy_article_tag` WHERE `tid` = 27 LIMIT 1   [ RunTime:0.0001s ]
SQL: SELECT COUNT(*) AS tp_count FROM `bjy_article_tag` WHERE `tid` = 28 LIMIT 1   [ RunTime:0.0001s ]
SQL: SELECT COUNT(*) AS tp_count FROM `bjy_article_tag` WHERE `tid` = 29 LIMIT 1   [ RunTime:0.0001s ]
SQL: SELECT COUNT(*) AS tp_count FROM `bjy_article_tag` WHERE `tid` = 30 LIMIT 1   [ RunTime:0.0001s ]
SQL: SELECT COUNT(*) AS tp_count FROM `bjy_article_tag` WHERE `tid` = 31 LIMIT 1   [ RunTime:0.0001s ]
SQL: SHOW COLUMNS FROM `bjy_link` [ RunTime:0.0002s ]
SQL: SELECT * FROM `bjy_link` WHERE `is_delete` = 0 AND `is_show` = 1 ORDER BY sort  [ RunTime:0.0002s ]
NOTIC: [2] array_key_exists() expects parameter 2 to be array, null given /var/www/html/blog/Application/Home/Controller/IndexController.class.php 第 77 行.
SQL: UPDATE `bjy_article` SET `click`=click+1 WHERE `aid` = 18 [ RunTime:0.0164s ]
SQL: SHOW COLUMNS FROM `bjy_article` [ RunTime:0.0003s ]
NOTIC: [8] Undefined index: title /var/www/html/blog/Application/Common/Model/ArticleModel.class.php 第 297 行.
SQL: SELECT `aid`,`title` FROM `bjy_article` WHERE `title` LIKE '%%' AND (  `is_show` = 1 ) AND (  `is_delete` = 0 ) AND `aid` > 18 LIMIT 1   [ RunTime:0.0002s ]
SQL: SELECT `aid`,`title` FROM `bjy_article` WHERE `title` LIKE '%%' AND (  `is_show` = 1 ) AND (  `is_delete` = 0 ) AND `aid` < 18 ORDER BY aid desc LIMIT 1   [ RunTime:0.0002s ]
SQL: SELECT * FROM `bjy_article` WHERE `aid` = 18 LIMIT 1   [ RunTime:0.0001s ]
SQL: SHOW COLUMNS FROM `bjy_article_tag` [ RunTime:0.0002s ]
SQL: SELECT `tid` FROM `bjy_article_tag` WHERE `aid` = 18  [ RunTime:0.0001s ]
SQL: SHOW COLUMNS FROM `bjy_article_tag` [ RunTime:0.0002s ]
SQL: SELECT * FROM `bjy_article_tag` INNER JOIN bjy_tag ON bjy_article_tag.tid=bjy_tag.tid  WHERE `aid` = 18  [ RunTime:0.0001s ]
SQL: SELECT `cid`,`cid`,`cname`,`keywords` FROM `bjy_category` WHERE `cid` = 31  [ RunTime:0.0001s ]
SQL: SELECT c.*,ou.nickname,ou.head_img FROM bjy_comment c INNER JOIN bjy_oauth_user ou ON c.ouid=ou.id  WHERE c.status = 1 AND c.aid = 18 AND c.pid = 0 AND c.is_delete = 0 ORDER BY date desc  [ RunTime:0.0002s ]
NOTIC: [2] Invalid argument supplied for foreach() /var/www/html/blog/Application/Common/Model/CommentModel.class.php 第 135 行.
INFO: [ view_parse ] --START--
INFO: [ template_filter ] --START--
INFO: Run Behavior\ContentReplaceBehavior [ RunTime:0.000145s ]
INFO: [ template_filter ] --END-- [ RunTime:0.000174s ]
NOTIC: [8] Undefined variable: user_email /var/www/html/blog/Runtime/Cache/Home/d4c1149384e4970b24973a696680cd70.php 第 17 行.
NOTIC: [8] Undefined variable: user_email /var/www/html/blog/Runtime/Cache/Home/d4c1149384e4970b24973a696680cd70.php 第 19 行.
INFO: Run Behavior\ParseTemplateBehavior [ RunTime:0.007268s ]
INFO: [ view_parse ] --END-- [ RunTime:0.007286s ]
INFO: [ view_filter ] --START--
INFO: Run Behavior\WriteHtmlCacheBehavior [ RunTime:0.000070s ]
INFO: [ view_filter ] --END-- [ RunTime:0.000083s ]
INFO: [ app_end ] --START--
INFO: Run Behavior\ShowPageTraceBehavior [ RunTime:0.000250s ]
INFO: [ app_end ] --END-- [ RunTime:0.000269s ]

[ 2018-01-27T13:50:25+08:00 ] 113.108.21.80 /index.php/Home/Index/article/aid/24
INFO: [ app_init ] --START--
INFO: Run Behavior\BuildLiteBehavior [ RunTime:0.000012s ]
INFO: [ app_init ] --END-- [ RunTime:0.000306s ]
INFO: [ app_begin ] --START--
INFO: Run Behavior\ReadHtmlCacheBehavior [ RunTime:0.000231s ]
INFO: [ app_begin ] --END-- [ RunTime:0.000255s ]
SQL: SHOW COLUMNS FROM `bjy_article` [ RunTime:0.0006s ]
SQL: SELECT `aid`,`title` FROM `bjy_article` WHERE `is_show` = 1 AND `is_delete` = 0 AND `is_top` = 1 ORDER BY aid desc  [ RunTime:0.0004s ]
SQL: SHOW COLUMNS FROM `bjy_comment` [ RunTime:0.0003s ]
SQL: SHOW COLUMNS FROM `bjy_oauth_user` [ RunTime:0.0003s ]
SQL: SELECT `id` FROM `bjy_oauth_user` WHERE (  is_admin )  [ RunTime:0.0001s ]
SQL: SELECT c.content,c.date,a.title,a.aid,ou.nickname,ou.head_img FROM bjy_comment c INNER JOIN bjy_article a ON c.aid=a.aid INNER JOIN bjy_oauth_user ou ON c.ouid=ou.id  WHERE c.is_delete = 0 ORDER BY c.date desc LIMIT 20   [ RunTime:0.0002s ]
NOTIC: [2] Invalid argument supplied for foreach() /var/www/html/blog/Application/Common/Model/CommentModel.class.php 第 202 行.
SQL: SHOW COLUMNS FROM `bjy_category` [ RunTime:0.0003s ]
SQL: SELECT * FROM `bjy_category` ORDER BY sort  [ RunTime:0.0002s ]
SQL: SHOW COLUMNS FROM `bjy_tag` [ RunTime:0.0002s ]
SQL: SELECT * FROM `bjy_tag`  [ RunTime:0.0001s ]
SQL: SHOW COLUMNS FROM `bjy_article_tag` [ RunTime:0.0002s ]
SQL: SELECT COUNT(*) AS tp_count FROM `bjy_article_tag` WHERE `tid` = 21 LIMIT 1   [ RunTime:0.0001s ]
SQL: SELECT COUNT(*) AS tp_count FROM `bjy_article_tag` WHERE `tid` = 22 LIMIT 1   [ RunTime:0.0001s ]
SQL: SELECT COUNT(*) AS tp_count FROM `bjy_article_tag` WHERE `tid` = 23 LIMIT 1   [ RunTime:0.0002s ]
SQL: SELECT COUNT(*) AS tp_count FROM `bjy_article_tag` WHERE `tid` = 24 LIMIT 1   [ RunTime:0.0001s ]
SQL: SELECT COUNT(*) AS tp_count FROM `bjy_article_tag` WHERE `tid` = 25 LIMIT 1   [ RunTime:0.0001s ]
SQL: SELECT COUNT(*) AS tp_count FROM `bjy_article_tag` WHERE `tid` = 26 LIMIT 1   [ RunTime:0.0001s ]
SQL: SELECT COUNT(*) AS tp_count FROM `bjy_article_tag` WHERE `tid` = 27 LIMIT 1   [ RunTime:0.0001s ]
SQL: SELECT COUNT(*) AS tp_count FROM `bjy_article_tag` WHERE `tid` = 28 LIMIT 1   [ RunTime:0.0001s ]
SQL: SELECT COUNT(*) AS tp_count FROM `bjy_article_tag` WHERE `tid` = 29 LIMIT 1   [ RunTime:0.0001s ]
SQL: SELECT COUNT(*) AS tp_count FROM `bjy_article_tag` WHERE `tid` = 30 LIMIT 1   [ RunTime:0.0001s ]
SQL: SELECT COUNT(*) AS tp_count FROM `bjy_article_tag` WHERE `tid` = 31 LIMIT 1   [ RunTime:0.0001s ]
SQL: SHOW COLUMNS FROM `bjy_link` [ RunTime:0.0002s ]
SQL: SELECT * FROM `bjy_link` WHERE `is_delete` = 0 AND `is_show` = 1 ORDER BY sort  [ RunTime:0.0001s ]
NOTIC: [2] array_key_exists() expects parameter 2 to be array, null given /var/www/html/blog/Application/Home/Controller/IndexController.class.php 第 77 行.
SQL: UPDATE `bjy_article` SET `click`=click+1 WHERE `aid` = 24 [ RunTime:0.0165s ]
SQL: SHOW COLUMNS FROM `bjy_article` [ RunTime:0.0004s ]
NOTIC: [8] Undefined index: title /var/www/html/blog/Application/Common/Model/ArticleModel.class.php 第 297 行.
SQL: SELECT `aid`,`title` FROM `bjy_article` WHERE `title` LIKE '%%' AND (  `is_show` = 1 ) AND (  `is_delete` = 0 ) AND `aid` > 24 LIMIT 1   [ RunTime:0.0002s ]
SQL: SELECT `aid`,`title` FROM `bjy_article` WHERE `title` LIKE '%%' AND (  `is_show` = 1 ) AND (  `is_delete` = 0 ) AND `aid` < 24 ORDER BY aid desc LIMIT 1   [ RunTime:0.0003s ]
SQL: SELECT * FROM `bjy_article` WHERE `aid` = 24 LIMIT 1   [ RunTime:0.0001s ]
SQL: SHOW COLUMNS FROM `bjy_article_tag` [ RunTime:0.0003s ]
SQL: SELECT `tid` FROM `bjy_article_tag` WHERE `aid` = 24  [ RunTime:0.0001s ]
SQL: SHOW COLUMNS FROM `bjy_article_tag` [ RunTime:0.0002s ]
SQL: SELECT * FROM `bjy_article_tag` INNER JOIN bjy_tag ON bjy_article_tag.tid=bjy_tag.tid  WHERE `aid` = 24  [ RunTime:0.0001s ]
SQL: SELECT `cid`,`cid`,`cname`,`keywords` FROM `bjy_category` WHERE `cid` = 31  [ RunTime:0.0001s ]
SQL: SELECT c.*,ou.nickname,ou.head_img FROM bjy_comment c INNER JOIN bjy_oauth_user ou ON c.ouid=ou.id  WHERE c.status = 1 AND c.aid = 24 AND c.pid = 0 AND c.is_delete = 0 ORDER BY date desc  [ RunTime:0.0002s ]
NOTIC: [2] Invalid argument supplied for foreach() /var/www/html/blog/Application/Common/Model/CommentModel.class.php 第 135 行.
INFO: [ view_parse ] --START--
INFO: [ template_filter ] --START--
INFO: Run Behavior\ContentReplaceBehavior [ RunTime:0.000138s ]
INFO: [ template_filter ] --END-- [ RunTime:0.000157s ]
NOTIC: [8] Undefined variable: user_email /var/www/html/blog/Runtime/Cache/Home/d4c1149384e4970b24973a696680cd70.php 第 17 行.
NOTIC: [8] Undefined variable: user_email /var/www/html/blog/Runtime/Cache/Home/d4c1149384e4970b24973a696680cd70.php 第 19 行.
INFO: Run Behavior\ParseTemplateBehavior [ RunTime:0.008954s ]
INFO: [ view_parse ] --END-- [ RunTime:0.008973s ]
INFO: [ view_filter ] --START--
INFO: Run Behavior\WriteHtmlCacheBehavior [ RunTime:0.000070s ]
INFO: [ view_filter ] --END-- [ RunTime:0.000083s ]
INFO: [ app_end ] --START--
INFO: Run Behavior\ShowPageTraceBehavior [ RunTime:0.000233s ]
INFO: [ app_end ] --END-- [ RunTime:0.000253s ]

[ 2018-01-27T15:21:23+08:00 ] 203.208.60.215 /index.php/Home/Index/article/aid/24
INFO: [ app_init ] --START--
INFO: Run Behavior\BuildLiteBehavior [ RunTime:0.000011s ]
INFO: [ app_init ] --END-- [ RunTime:0.001945s ]
INFO: [ app_begin ] --START--
INFO: Run Behavior\ReadHtmlCacheBehavior [ RunTime:0.001982s ]
INFO: [ app_begin ] --END-- [ RunTime:0.002009s ]
SQL: SHOW COLUMNS FROM `bjy_article` [ RunTime:0.0168s ]
SQL: SELECT `aid`,`title` FROM `bjy_article` WHERE `is_show` = 1 AND `is_delete` = 0 AND `is_top` = 1 ORDER BY aid desc  [ RunTime:0.0002s ]
SQL: SHOW COLUMNS FROM `bjy_comment` [ RunTime:0.0004s ]
SQL: SHOW COLUMNS FROM `bjy_oauth_user` [ RunTime:0.0003s ]
SQL: SELECT `id` FROM `bjy_oauth_user` WHERE (  is_admin )  [ RunTime:0.0001s ]
SQL: SELECT c.content,c.date,a.title,a.aid,ou.nickname,ou.head_img FROM bjy_comment c INNER JOIN bjy_article a ON c.aid=a.aid INNER JOIN bjy_oauth_user ou ON c.ouid=ou.id  WHERE c.is_delete = 0 ORDER BY c.date desc LIMIT 20   [ RunTime:0.0002s ]
NOTIC: [2] Invalid argument supplied for foreach() /var/www/html/blog/Application/Common/Model/CommentModel.class.php 第 202 行.
SQL: SHOW COLUMNS FROM `bjy_category` [ RunTime:0.0003s ]
SQL: SELECT * FROM `bjy_category` ORDER BY sort  [ RunTime:0.0001s ]
SQL: SHOW COLUMNS FROM `bjy_tag` [ RunTime:0.0003s ]
SQL: SELECT * FROM `bjy_tag`  [ RunTime:0.0001s ]
SQL: SHOW COLUMNS FROM `bjy_article_tag` [ RunTime:0.0002s ]
SQL: SELECT COUNT(*) AS tp_count FROM `bjy_article_tag` WHERE `tid` = 21 LIMIT 1   [ RunTime:0.0001s ]
SQL: SELECT COUNT(*) AS tp_count FROM `bjy_article_tag` WHERE `tid` = 22 LIMIT 1   [ RunTime:0.0001s ]
SQL: SELECT COUNT(*) AS tp_count FROM `bjy_article_tag` WHERE `tid` = 23 LIMIT 1   [ RunTime:0.0001s ]
SQL: SELECT COUNT(*) AS tp_count FROM `bjy_article_tag` WHERE `tid` = 24 LIMIT 1   [ RunTime:0.0001s ]
SQL: SELECT COUNT(*) AS tp_count FROM `bjy_article_tag` WHERE `tid` = 25 LIMIT 1   [ RunTime:0.0001s ]
SQL: SELECT COUNT(*) AS tp_count FROM `bjy_article_tag` WHERE `tid` = 26 LIMIT 1   [ RunTime:0.0001s ]
SQL: SELECT COUNT(*) AS tp_count FROM `bjy_article_tag` WHERE `tid` = 27 LIMIT 1   [ RunTime:0.0001s ]
SQL: SELECT COUNT(*) AS tp_count FROM `bjy_article_tag` WHERE `tid` = 28 LIMIT 1   [ RunTime:0.0001s ]
SQL: SELECT COUNT(*) AS tp_count FROM `bjy_article_tag` WHERE `tid` = 29 LIMIT 1   [ RunTime:0.0001s ]
SQL: SELECT COUNT(*) AS tp_count FROM `bjy_article_tag` WHERE `tid` = 30 LIMIT 1   [ RunTime:0.0001s ]
SQL: SELECT COUNT(*) AS tp_count FROM `bjy_article_tag` WHERE `tid` = 31 LIMIT 1   [ RunTime:0.0001s ]
SQL: SHOW COLUMNS FROM `bjy_link` [ RunTime:0.0002s ]
SQL: SELECT * FROM `bjy_link` WHERE `is_delete` = 0 AND `is_show` = 1 ORDER BY sort  [ RunTime:0.0002s ]
NOTIC: [2] array_key_exists() expects parameter 2 to be array, null given /var/www/html/blog/Application/Home/Controller/IndexController.class.php 第 77 行.
SQL: UPDATE `bjy_article` SET `click`=click+1 WHERE `aid` = 24 [ RunTime:0.0630s ]
SQL: SHOW COLUMNS FROM `bjy_article` [ RunTime:0.0005s ]
NOTIC: [8] Undefined index: title /var/www/html/blog/Application/Common/Model/ArticleModel.class.php 第 297 行.
SQL: SELECT `aid`,`title` FROM `bjy_article` WHERE `title` LIKE '%%' AND (  `is_show` = 1 ) AND (  `is_delete` = 0 ) AND `aid` > 24 LIMIT 1   [ RunTime:0.0003s ]
SQL: SELECT `aid`,`title` FROM `bjy_article` WHERE `title` LIKE '%%' AND (  `is_show` = 1 ) AND (  `is_delete` = 0 ) AND `aid` < 24 ORDER BY aid desc LIMIT 1   [ RunTime:0.0002s ]
SQL: SELECT * FROM `bjy_article` WHERE `aid` = 24 LIMIT 1   [ RunTime:0.0001s ]
SQL: SHOW COLUMNS FROM `bjy_article_tag` [ RunTime:0.0003s ]
SQL: SELECT `tid` FROM `bjy_article_tag` WHERE `aid` = 24  [ RunTime:0.0001s ]
SQL: SHOW COLUMNS FROM `bjy_article_tag` [ RunTime:0.0002s ]
SQL: SELECT * FROM `bjy_article_tag` INNER JOIN bjy_tag ON bjy_article_tag.tid=bjy_tag.tid  WHERE `aid` = 24  [ RunTime:0.0002s ]
SQL: SELECT `cid`,`cid`,`cname`,`keywords` FROM `bjy_category` WHERE `cid` = 31  [ RunTime:0.0001s ]
SQL: SELECT c.*,ou.nickname,ou.head_img FROM bjy_comment c INNER JOIN bjy_oauth_user ou ON c.ouid=ou.id  WHERE c.status = 1 AND c.aid = 24 AND c.pid = 0 AND c.is_delete = 0 ORDER BY date desc  [ RunTime:0.0002s ]
NOTIC: [2] Invalid argument supplied for foreach() /var/www/html/blog/Application/Common/Model/CommentModel.class.php 第 135 行.
INFO: [ view_parse ] --START--
INFO: [ template_filter ] --START--
INFO: Run Behavior\ContentReplaceBehavior [ RunTime:0.000143s ]
INFO: [ template_filter ] --END-- [ RunTime:0.000172s ]
NOTIC: [8] Undefined variable: user_email /var/www/html/blog/Runtime/Cache/Home/d4c1149384e4970b24973a696680cd70.php 第 17 行.
NOTIC: [8] Undefined variable: user_email /var/www/html/blog/Runtime/Cache/Home/d4c1149384e4970b24973a696680cd70.php 第 19 行.
INFO: Run Behavior\ParseTemplateBehavior [ RunTime:0.129435s ]
INFO: [ view_parse ] --END-- [ RunTime:0.129469s ]
INFO: [ view_filter ] --START--
INFO: Run Behavior\WriteHtmlCacheBehavior [ RunTime:0.002333s ]
INFO: [ view_filter ] --END-- [ RunTime:0.002356s ]
INFO: [ app_end ] --START--
INFO: Run Behavior\ShowPageTraceBehavior [ RunTime:0.001934s ]
INFO: [ app_end ] --END-- [ RunTime:0.001958s ]

[ 2018-01-27T15:57:53+08:00 ] 27.17.81.186 /index.php/Home/Index/article/aid/18
INFO: [ app_init ] --START--
INFO: Run Behavior\BuildLiteBehavior [ RunTime:0.000007s ]
INFO: [ app_init ] --END-- [ RunTime:0.000184s ]
INFO: [ app_begin ] --START--
INFO: Run Behavior\ReadHtmlCacheBehavior [ RunTime:0.000202s ]
INFO: [ app_begin ] --END-- [ RunTime:0.000222s ]
SQL: SHOW COLUMNS FROM `bjy_article` [ RunTime:0.0005s ]
SQL: SELECT `aid`,`title` FROM `bjy_article` WHERE `is_show` = 1 AND `is_delete` = 0 AND `is_top` = 1 ORDER BY aid desc  [ RunTime:0.0002s ]
SQL: SHOW COLUMNS FROM `bjy_comment` [ RunTime:0.0003s ]
SQL: SHOW COLUMNS FROM `bjy_oauth_user` [ RunTime:0.0003s ]
SQL: SELECT `id` FROM `bjy_oauth_user` WHERE (  is_admin )  [ RunTime:0.0001s ]
SQL: SELECT c.content,c.date,a.title,a.aid,ou.nickname,ou.head_img FROM bjy_comment c INNER JOIN bjy_article a ON c.aid=a.aid INNER JOIN bjy_oauth_user ou ON c.ouid=ou.id  WHERE c.is_delete = 0 ORDER BY c.date desc LIMIT 20   [ RunTime:0.0002s ]
NOTIC: [2] Invalid argument supplied for foreach() /var/www/html/blog/Application/Common/Model/CommentModel.class.php 第 202 行.
SQL: SHOW COLUMNS FROM `bjy_category` [ RunTime:0.0003s ]
SQL: SELECT * FROM `bjy_category` ORDER BY sort  [ RunTime:0.0001s ]
SQL: SHOW COLUMNS FROM `bjy_tag` [ RunTime:0.0002s ]
SQL: SELECT * FROM `bjy_tag`  [ RunTime:0.0001s ]
SQL: SHOW COLUMNS FROM `bjy_article_tag` [ RunTime:0.0002s ]
SQL: SELECT COUNT(*) AS tp_count FROM `bjy_article_tag` WHERE `tid` = 21 LIMIT 1   [ RunTime:0.0001s ]
SQL: SELECT COUNT(*) AS tp_count FROM `bjy_article_tag` WHERE `tid` = 22 LIMIT 1   [ RunTime:0.0001s ]
SQL: SELECT COUNT(*) AS tp_count FROM `bjy_article_tag` WHERE `tid` = 23 LIMIT 1   [ RunTime:0.0001s ]
SQL: SELECT COUNT(*) AS tp_count FROM `bjy_article_tag` WHERE `tid` = 24 LIMIT 1   [ RunTime:0.0001s ]
SQL: SELECT COUNT(*) AS tp_count FROM `bjy_article_tag` WHERE `tid` = 25 LIMIT 1   [ RunTime:0.0001s ]
SQL: SELECT COUNT(*) AS tp_count FROM `bjy_article_tag` WHERE `tid` = 26 LIMIT 1   [ RunTime:0.0001s ]
SQL: SELECT COUNT(*) AS tp_count FROM `bjy_article_tag` WHERE `tid` = 27 LIMIT 1   [ RunTime:0.0001s ]
SQL: SELECT COUNT(*) AS tp_count FROM `bjy_article_tag` WHERE `tid` = 28 LIMIT 1   [ RunTime:0.0001s ]
SQL: SELECT COUNT(*) AS tp_count FROM `bjy_article_tag` WHERE `tid` = 29 LIMIT 1   [ RunTime:0.0001s ]
SQL: SELECT COUNT(*) AS tp_count FROM `bjy_article_tag` WHERE `tid` = 30 LIMIT 1   [ RunTime:0.0001s ]
SQL: SELECT COUNT(*) AS tp_count FROM `bjy_article_tag` WHERE `tid` = 31 LIMIT 1   [ RunTime:0.0001s ]
SQL: SHOW COLUMNS FROM `bjy_link` [ RunTime:0.0003s ]
SQL: SELECT * FROM `bjy_link` WHERE `is_delete` = 0 AND `is_show` = 1 ORDER BY sort  [ RunTime:0.0001s ]
NOTIC: [2] array_key_exists() expects parameter 2 to be array, null given /var/www/html/blog/Application/Home/Controller/IndexController.class.php 第 77 行.
SQL: UPDATE `bjy_article` SET `click`=click+1 WHERE `aid` = 18 [ RunTime:0.0143s ]
SQL: SHOW COLUMNS FROM `bjy_article` [ RunTime:0.0003s ]
NOTIC: [8] Undefined index: title /var/www/html/blog/Application/Common/Model/ArticleModel.class.php 第 297 行.
SQL: SELECT `aid`,`title` FROM `bjy_article` WHERE `title` LIKE '%%' AND (  `is_show` = 1 ) AND (  `is_delete` = 0 ) AND `aid` > 18 LIMIT 1   [ RunTime:0.0002s ]
SQL: SELECT `aid`,`title` FROM `bjy_article` WHERE `title` LIKE '%%' AND (  `is_show` = 1 ) AND (  `is_delete` = 0 ) AND `aid` < 18 ORDER BY aid desc LIMIT 1   [ RunTime:0.0002s ]
SQL: SELECT * FROM `bjy_article` WHERE `aid` = 18 LIMIT 1   [ RunTime:0.0001s ]
SQL: SHOW COLUMNS FROM `bjy_article_tag` [ RunTime:0.0002s ]
SQL: SELECT `tid` FROM `bjy_article_tag` WHERE `aid` = 18  [ RunTime:0.0001s ]
SQL: SHOW COLUMNS FROM `bjy_article_tag` [ RunTime:0.0002s ]
SQL: SELECT * FROM `bjy_article_tag` INNER JOIN bjy_tag ON bjy_article_tag.tid=bjy_tag.tid  WHERE `aid` = 18  [ RunTime:0.0002s ]
SQL: SELECT `cid`,`cid`,`cname`,`keywords` FROM `bjy_category` WHERE `cid` = 31  [ RunTime:0.0001s ]
SQL: SELECT c.*,ou.nickname,ou.head_img FROM bjy_comment c INNER JOIN bjy_oauth_user ou ON c.ouid=ou.id  WHERE c.status = 1 AND c.aid = 18 AND c.pid = 0 AND c.is_delete = 0 ORDER BY date desc  [ RunTime:0.0002s ]
NOTIC: [2] Invalid argument supplied for foreach() /var/www/html/blog/Application/Common/Model/CommentModel.class.php 第 135 行.
INFO: [ view_parse ] --START--
INFO: [ template_filter ] --START--
INFO: Run Behavior\ContentReplaceBehavior [ RunTime:0.000137s ]
INFO: [ template_filter ] --END-- [ RunTime:0.000158s ]
NOTIC: [8] Undefined variable: user_email /var/www/html/blog/Runtime/Cache/Home/d4c1149384e4970b24973a696680cd70.php 第 17 行.
NOTIC: [8] Undefined variable: user_email /var/www/html/blog/Runtime/Cache/Home/d4c1149384e4970b24973a696680cd70.php 第 19 行.
INFO: Run Behavior\ParseTemplateBehavior [ RunTime:0.007761s ]
INFO: [ view_parse ] --END-- [ RunTime:0.007779s ]
INFO: [ view_filter ] --START--
INFO: Run Behavior\WriteHtmlCacheBehavior [ RunTime:0.000073s ]
INFO: [ view_filter ] --END-- [ RunTime:0.000086s ]
INFO: [ app_end ] --START--
INFO: Run Behavior\ShowPageTraceBehavior [ RunTime:0.000252s ]
INFO: [ app_end ] --END-- [ RunTime:0.000271s ]

