[ 2018-01-23T01:52:14+08:00 ] 112.90.82.196 /index.php/Home/Index/article/aid/31
INFO: [ app_init ] --START--
INFO: Run Behavior\BuildLiteBehavior [ RunTime:0.000006s ]
INFO: [ app_init ] --END-- [ RunTime:0.000155s ]
INFO: [ app_begin ] --START--
INFO: Run Behavior\ReadHtmlCacheBehavior [ RunTime:0.000217s ]
INFO: [ app_begin ] --END-- [ RunTime:0.000238s ]
SQL: SHOW COLUMNS FROM `bjy_article` [ RunTime:0.0005s ]
SQL: SELECT `aid`,`title` FROM `bjy_article` WHERE `is_show` = 1 AND `is_delete` = 0 AND `is_top` = 1 ORDER BY aid desc  [ RunTime:0.0002s ]
SQL: SHOW COLUMNS FROM `bjy_comment` [ RunTime:0.0003s ]
SQL: SHOW COLUMNS FROM `bjy_oauth_user` [ RunTime:0.0003s ]
SQL: SELECT `id` FROM `bjy_oauth_user` WHERE (  is_admin )  [ RunTime:0.0001s ]
SQL: SELECT c.content,c.date,a.title,a.aid,ou.nickname,ou.head_img FROM bjy_comment c INNER JOIN bjy_article a ON c.aid=a.aid INNER JOIN bjy_oauth_user ou ON c.ouid=ou.id  WHERE c.is_delete = 0 ORDER BY c.date desc LIMIT 20   [ RunTime:0.0002s ]
NOTIC: [2] Invalid argument supplied for foreach() /var/www/html/blog/Application/Common/Model/CommentModel.class.php 第 202 行.
SQL: SHOW COLUMNS FROM `bjy_category` [ RunTime:0.0003s ]
SQL: SELECT * FROM `bjy_category` ORDER BY sort  [ RunTime:0.0001s ]
SQL: SHOW COLUMNS FROM `bjy_tag` [ RunTime:0.0002s ]
SQL: SELECT * FROM `bjy_tag`  [ RunTime:0.0001s ]
SQL: SHOW COLUMNS FROM `bjy_article_tag` [ RunTime:0.0002s ]
SQL: SELECT COUNT(*) AS tp_count FROM `bjy_article_tag` WHERE `tid` = 21 LIMIT 1   [ RunTime:0.0001s ]
SQL: SELECT COUNT(*) AS tp_count FROM `bjy_article_tag` WHERE `tid` = 22 LIMIT 1   [ RunTime:0.0001s ]
SQL: SELECT COUNT(*) AS tp_count FROM `bjy_article_tag` WHERE `tid` = 23 LIMIT 1   [ RunTime:0.0001s ]
SQL: SELECT COUNT(*) AS tp_count FROM `bjy_article_tag` WHERE `tid` = 24 LIMIT 1   [ RunTime:0.0001s ]
SQL: SELECT COUNT(*) AS tp_count FROM `bjy_article_tag` WHERE `tid` = 25 LIMIT 1   [ RunTime:0.0001s ]
SQL: SELECT COUNT(*) AS tp_count FROM `bjy_article_tag` WHERE `tid` = 26 LIMIT 1   [ RunTime:0.0001s ]
SQL: SELECT COUNT(*) AS tp_count FROM `bjy_article_tag` WHERE `tid` = 27 LIMIT 1   [ RunTime:0.0001s ]
SQL: SELECT COUNT(*) AS tp_count FROM `bjy_article_tag` WHERE `tid` = 28 LIMIT 1   [ RunTime:0.0001s ]
SQL: SELECT COUNT(*) AS tp_count FROM `bjy_article_tag` WHERE `tid` = 29 LIMIT 1   [ RunTime:0.0001s ]
SQL: SELECT COUNT(*) AS tp_count FROM `bjy_article_tag` WHERE `tid` = 30 LIMIT 1   [ RunTime:0.0001s ]
SQL: SELECT COUNT(*) AS tp_count FROM `bjy_article_tag` WHERE `tid` = 31 LIMIT 1   [ RunTime:0.0001s ]
SQL: SHOW COLUMNS FROM `bjy_link` [ RunTime:0.0002s ]
SQL: SELECT * FROM `bjy_link` WHERE `is_delete` = 0 AND `is_show` = 1 ORDER BY sort  [ RunTime:0.0001s ]
NOTIC: [2] array_key_exists() expects parameter 2 to be array, null given /var/www/html/blog/Application/Home/Controller/IndexController.class.php 第 77 行.
SQL: UPDATE `bjy_article` SET `click`=click+1 WHERE `aid` = 31 [ RunTime:0.0151s ]
SQL: SHOW COLUMNS FROM `bjy_article` [ RunTime:0.0003s ]
NOTIC: [8] Undefined index: title /var/www/html/blog/Application/Common/Model/ArticleModel.class.php 第 297 行.
SQL: SELECT `aid`,`title` FROM `bjy_article` WHERE `title` LIKE '%%' AND (  `is_show` = 1 ) AND (  `is_delete` = 0 ) AND `aid` > 31 LIMIT 1   [ RunTime:0.0002s ]
SQL: SELECT `aid`,`title` FROM `bjy_article` WHERE `title` LIKE '%%' AND (  `is_show` = 1 ) AND (  `is_delete` = 0 ) AND `aid` < 31 ORDER BY aid desc LIMIT 1   [ RunTime:0.0002s ]
SQL: SELECT * FROM `bjy_article` WHERE `aid` = 31 LIMIT 1   [ RunTime:0.0001s ]
SQL: SHOW COLUMNS FROM `bjy_article_tag` [ RunTime:0.0002s ]
SQL: SELECT `tid` FROM `bjy_article_tag` WHERE `aid` = 31  [ RunTime:0.0001s ]
SQL: SHOW COLUMNS FROM `bjy_article_tag` [ RunTime:0.0002s ]
SQL: SELECT * FROM `bjy_article_tag` INNER JOIN bjy_tag ON bjy_article_tag.tid=bjy_tag.tid  WHERE `aid` = 31  [ RunTime:0.0002s ]
SQL: SELECT `cid`,`cid`,`cname`,`keywords` FROM `bjy_category` WHERE `cid` = 34  [ RunTime:0.0001s ]
SQL: SELECT c.*,ou.nickname,ou.head_img FROM bjy_comment c INNER JOIN bjy_oauth_user ou ON c.ouid=ou.id  WHERE c.status = 1 AND c.aid = 31 AND c.pid = 0 AND c.is_delete = 0 ORDER BY date desc  [ RunTime:0.0002s ]
NOTIC: [2] Invalid argument supplied for foreach() /var/www/html/blog/Application/Common/Model/CommentModel.class.php 第 135 行.
INFO: [ view_parse ] --START--
INFO: [ template_filter ] --START--
INFO: Run Behavior\ContentReplaceBehavior [ RunTime:0.000139s ]
INFO: [ template_filter ] --END-- [ RunTime:0.000160s ]
NOTIC: [8] Undefined variable: user_email /var/www/html/blog/Runtime/Cache/Home/d4c1149384e4970b24973a696680cd70.php 第 16 行.
NOTIC: [8] Undefined variable: user_email /var/www/html/blog/Runtime/Cache/Home/d4c1149384e4970b24973a696680cd70.php 第 18 行.
INFO: Run Behavior\ParseTemplateBehavior [ RunTime:0.007067s ]
INFO: [ view_parse ] --END-- [ RunTime:0.007083s ]
INFO: [ view_filter ] --START--
INFO: Run Behavior\WriteHtmlCacheBehavior [ RunTime:0.000068s ]
INFO: [ view_filter ] --END-- [ RunTime:0.000082s ]
INFO: [ app_end ] --START--
INFO: Run Behavior\ShowPageTraceBehavior [ RunTime:0.000252s ]
INFO: [ app_end ] --END-- [ RunTime:0.000270s ]

[ 2018-01-23T10:23:08+08:00 ] 157.55.39.219 /
INFO: [ app_init ] --START--
INFO: Run Behavior\BuildLiteBehavior [ RunTime:0.000007s ]
INFO: [ app_init ] --END-- [ RunTime:0.000180s ]
INFO: [ app_begin ] --START--
INFO: Run Behavior\ReadHtmlCacheBehavior [ RunTime:0.000218s ]
INFO: [ app_begin ] --END-- [ RunTime:0.000238s ]
SQL: SHOW COLUMNS FROM `bjy_article` [ RunTime:0.0005s ]
SQL: SELECT `aid`,`title` FROM `bjy_article` WHERE `is_show` = 1 AND `is_delete` = 0 AND `is_top` = 1 ORDER BY aid desc  [ RunTime:0.0003s ]
SQL: SHOW COLUMNS FROM `bjy_comment` [ RunTime:0.0003s ]
SQL: SHOW COLUMNS FROM `bjy_oauth_user` [ RunTime:0.0003s ]
SQL: SELECT `id` FROM `bjy_oauth_user` WHERE (  is_admin )  [ RunTime:0.0001s ]
SQL: SELECT c.content,c.date,a.title,a.aid,ou.nickname,ou.head_img FROM bjy_comment c INNER JOIN bjy_article a ON c.aid=a.aid INNER JOIN bjy_oauth_user ou ON c.ouid=ou.id  WHERE c.is_delete = 0 ORDER BY c.date desc LIMIT 20   [ RunTime:0.0002s ]
NOTIC: [2] Invalid argument supplied for foreach() /var/www/html/blog/Application/Common/Model/CommentModel.class.php 第 202 行.
SQL: SHOW COLUMNS FROM `bjy_category` [ RunTime:0.0003s ]
SQL: SELECT * FROM `bjy_category` ORDER BY sort  [ RunTime:0.0001s ]
SQL: SHOW COLUMNS FROM `bjy_tag` [ RunTime:0.0002s ]
SQL: SELECT * FROM `bjy_tag`  [ RunTime:0.0001s ]
SQL: SHOW COLUMNS FROM `bjy_article_tag` [ RunTime:0.0002s ]
SQL: SELECT COUNT(*) AS tp_count FROM `bjy_article_tag` WHERE `tid` = 21 LIMIT 1   [ RunTime:0.0001s ]
SQL: SELECT COUNT(*) AS tp_count FROM `bjy_article_tag` WHERE `tid` = 22 LIMIT 1   [ RunTime:0.0001s ]
SQL: SELECT COUNT(*) AS tp_count FROM `bjy_article_tag` WHERE `tid` = 23 LIMIT 1   [ RunTime:0.0001s ]
SQL: SELECT COUNT(*) AS tp_count FROM `bjy_article_tag` WHERE `tid` = 24 LIMIT 1   [ RunTime:0.0001s ]
SQL: SELECT COUNT(*) AS tp_count FROM `bjy_article_tag` WHERE `tid` = 25 LIMIT 1   [ RunTime:0.0001s ]
SQL: SELECT COUNT(*) AS tp_count FROM `bjy_article_tag` WHERE `tid` = 26 LIMIT 1   [ RunTime:0.0001s ]
SQL: SELECT COUNT(*) AS tp_count FROM `bjy_article_tag` WHERE `tid` = 27 LIMIT 1   [ RunTime:0.0001s ]
SQL: SELECT COUNT(*) AS tp_count FROM `bjy_article_tag` WHERE `tid` = 28 LIMIT 1   [ RunTime:0.0001s ]
SQL: SELECT COUNT(*) AS tp_count FROM `bjy_article_tag` WHERE `tid` = 29 LIMIT 1   [ RunTime:0.0001s ]
SQL: SELECT COUNT(*) AS tp_count FROM `bjy_article_tag` WHERE `tid` = 30 LIMIT 1   [ RunTime:0.0001s ]
SQL: SELECT COUNT(*) AS tp_count FROM `bjy_article_tag` WHERE `tid` = 31 LIMIT 1   [ RunTime:0.0001s ]
SQL: SHOW COLUMNS FROM `bjy_link` [ RunTime:0.0002s ]
SQL: SELECT * FROM `bjy_link` WHERE `is_delete` = 0 AND `is_show` = 1 ORDER BY sort  [ RunTime:0.0002s ]
SQL: SHOW COLUMNS FROM `bjy_article` [ RunTime:0.0003s ]
SQL: SELECT COUNT(*) AS tp_count FROM `bjy_article` WHERE `is_delete` = 0 AND `is_show` = 1 LIMIT 1   [ RunTime:0.0001s ]
SQL: SELECT * FROM `bjy_article` WHERE `is_delete` = 0 AND `is_show` = 1 ORDER BY addtime desc LIMIT 0,10   [ RunTime:0.0005s ]
SQL: SHOW COLUMNS FROM `bjy_article_tag` [ RunTime:0.0002s ]
SQL: SHOW COLUMNS FROM `bjy_article_tag` [ RunTime:0.0002s ]
SQL: SELECT * FROM `bjy_article_tag` INNER JOIN bjy_tag ON bjy_article_tag.tid=bjy_tag.tid  WHERE `aid` = '33'  [ RunTime:0.0001s ]
SQL: SHOW COLUMNS FROM `bjy_article_pic` [ RunTime:0.0002s ]
SQL: SELECT `path` FROM `bjy_article_pic` WHERE `aid` = 33 ORDER BY ap_id asc LIMIT 1   [ RunTime:0.0001s ]
SQL: SELECT `cid`,`cid`,`cname` FROM `bjy_category` WHERE `cid` = 31  [ RunTime:0.0001s ]
SQL: SELECT * FROM `bjy_article_tag` INNER JOIN bjy_tag ON bjy_article_tag.tid=bjy_tag.tid  WHERE `aid` = '32'  [ RunTime:0.0002s ]
SQL: SELECT `path` FROM `bjy_article_pic` WHERE `aid` = 32 ORDER BY ap_id asc LIMIT 1   [ RunTime:0.0001s ]
SQL: SELECT `cid`,`cid`,`cname` FROM `bjy_category` WHERE `cid` = 29  [ RunTime:0.0001s ]
SQL: SELECT * FROM `bjy_article_tag` INNER JOIN bjy_tag ON bjy_article_tag.tid=bjy_tag.tid  WHERE `aid` = '31'  [ RunTime:0.0001s ]
SQL: SELECT `path` FROM `bjy_article_pic` WHERE `aid` = 31 ORDER BY ap_id asc LIMIT 1   [ RunTime:0.0001s ]
SQL: SELECT `cid`,`cid`,`cname` FROM `bjy_category` WHERE `cid` = 34  [ RunTime:0.0001s ]
SQL: SELECT * FROM `bjy_article_tag` INNER JOIN bjy_tag ON bjy_article_tag.tid=bjy_tag.tid  WHERE `aid` = '30'  [ RunTime:0.0002s ]
SQL: SELECT `path` FROM `bjy_article_pic` WHERE `aid` = 30 ORDER BY ap_id asc LIMIT 1   [ RunTime:0.0001s ]
SQL: SELECT `cid`,`cid`,`cname` FROM `bjy_category` WHERE `cid` = 31  [ RunTime:0.0001s ]
SQL: SELECT * FROM `bjy_article_tag` INNER JOIN bjy_tag ON bjy_article_tag.tid=bjy_tag.tid  WHERE `aid` = '29'  [ RunTime:0.0001s ]
SQL: SELECT `path` FROM `bjy_article_pic` WHERE `aid` = 29 ORDER BY ap_id asc LIMIT 1   [ RunTime:0.0001s ]
SQL: SELECT `cid`,`cid`,`cname` FROM `bjy_category` WHERE `cid` = 34  [ RunTime:0.0001s ]
SQL: SELECT * FROM `bjy_article_tag` INNER JOIN bjy_tag ON bjy_article_tag.tid=bjy_tag.tid  WHERE `aid` = '28'  [ RunTime:0.0001s ]
SQL: SELECT `path` FROM `bjy_article_pic` WHERE `aid` = 28 ORDER BY ap_id asc LIMIT 1   [ RunTime:0.0001s ]
SQL: SELECT `cid`,`cid`,`cname` FROM `bjy_category` WHERE `cid` = 33  [ RunTime:0.0001s ]
SQL: SELECT * FROM `bjy_article_tag` INNER JOIN bjy_tag ON bjy_article_tag.tid=bjy_tag.tid  WHERE `aid` = '27'  [ RunTime:0.0002s ]
SQL: SELECT `path` FROM `bjy_article_pic` WHERE `aid` = 27 ORDER BY ap_id asc LIMIT 1   [ RunTime:0.0001s ]
SQL: SELECT `cid`,`cid`,`cname` FROM `bjy_category` WHERE `cid` = 32  [ RunTime:0.0001s ]
SQL: SELECT * FROM `bjy_article_tag` INNER JOIN bjy_tag ON bjy_article_tag.tid=bjy_tag.tid  WHERE `aid` = '26'  [ RunTime:0.0002s ]
SQL: SELECT `path` FROM `bjy_article_pic` WHERE `aid` = 26 ORDER BY ap_id asc LIMIT 1   [ RunTime:0.0001s ]
SQL: SELECT `cid`,`cid`,`cname` FROM `bjy_category` WHERE `cid` = 31  [ RunTime:0.0001s ]
SQL: SELECT * FROM `bjy_article_tag` INNER JOIN bjy_tag ON bjy_article_tag.tid=bjy_tag.tid  WHERE `aid` = '24'  [ RunTime:0.0001s ]
SQL: SELECT `path` FROM `bjy_article_pic` WHERE `aid` = 24 ORDER BY ap_id asc LIMIT 1   [ RunTime:0.0001s ]
SQL: SELECT `cid`,`cid`,`cname` FROM `bjy_category` WHERE `cid` = 31  [ RunTime:0.0001s ]
SQL: SELECT * FROM `bjy_article_tag` INNER JOIN bjy_tag ON bjy_article_tag.tid=bjy_tag.tid  WHERE `aid` = '23'  [ RunTime:0.0001s ]
SQL: SELECT `path` FROM `bjy_article_pic` WHERE `aid` = 23 ORDER BY ap_id asc LIMIT 1   [ RunTime:0.0001s ]
SQL: SELECT `cid`,`cid`,`cname` FROM `bjy_category` WHERE `cid` = 33  [ RunTime:0.0001s ]
INFO: [ view_parse ] --START--
INFO: [ template_filter ] --START--
INFO: Run Behavior\ContentReplaceBehavior [ RunTime:0.000112s ]
INFO: [ template_filter ] --END-- [ RunTime:0.000147s ]
NOTIC: [8] Use of undefined constant url - assumed 'url' /var/www/html/blog/Runtime/Cache/Home/08d30c77e78bd0ac29232fbc421b5dcd.php 第 52 行.
INFO: Run Behavior\ParseTemplateBehavior [ RunTime:0.006254s ]
INFO: [ view_parse ] --END-- [ RunTime:0.006272s ]
INFO: [ view_filter ] --START--
INFO: Run Behavior\WriteHtmlCacheBehavior [ RunTime:0.000071s ]
INFO: [ view_filter ] --END-- [ RunTime:0.000084s ]
INFO: [ app_end ] --START--
INFO: Run Behavior\ShowPageTraceBehavior [ RunTime:0.000253s ]
INFO: [ app_end ] --END-- [ RunTime:0.000277s ]

[ 2018-01-23T22:42:12+08:00 ] 157.55.39.219 /
INFO: [ app_init ] --START--
INFO: Run Behavior\BuildLiteBehavior [ RunTime:0.000008s ]
INFO: [ app_init ] --END-- [ RunTime:0.000188s ]
INFO: [ app_begin ] --START--
INFO: Run Behavior\ReadHtmlCacheBehavior [ RunTime:0.000198s ]
INFO: [ app_begin ] --END-- [ RunTime:0.000218s ]
SQL: SHOW COLUMNS FROM `bjy_article` [ RunTime:0.0005s ]
SQL: SELECT `aid`,`title` FROM `bjy_article` WHERE `is_show` = 1 AND `is_delete` = 0 AND `is_top` = 1 ORDER BY aid desc  [ RunTime:0.0002s ]
SQL: SHOW COLUMNS FROM `bjy_comment` [ RunTime:0.0003s ]
SQL: SHOW COLUMNS FROM `bjy_oauth_user` [ RunTime:0.0003s ]
SQL: SELECT `id` FROM `bjy_oauth_user` WHERE (  is_admin )  [ RunTime:0.0001s ]
SQL: SELECT c.content,c.date,a.title,a.aid,ou.nickname,ou.head_img FROM bjy_comment c INNER JOIN bjy_article a ON c.aid=a.aid INNER JOIN bjy_oauth_user ou ON c.ouid=ou.id  WHERE c.is_delete = 0 ORDER BY c.date desc LIMIT 20   [ RunTime:0.0002s ]
NOTIC: [2] Invalid argument supplied for foreach() /var/www/html/blog/Application/Common/Model/CommentModel.class.php 第 202 行.
SQL: SHOW COLUMNS FROM `bjy_category` [ RunTime:0.0003s ]
SQL: SELECT * FROM `bjy_category` ORDER BY sort  [ RunTime:0.0001s ]
SQL: SHOW COLUMNS FROM `bjy_tag` [ RunTime:0.0003s ]
SQL: SELECT * FROM `bjy_tag`  [ RunTime:0.0001s ]
SQL: SHOW COLUMNS FROM `bjy_article_tag` [ RunTime:0.0002s ]
SQL: SELECT COUNT(*) AS tp_count FROM `bjy_article_tag` WHERE `tid` = 21 LIMIT 1   [ RunTime:0.0001s ]
SQL: SELECT COUNT(*) AS tp_count FROM `bjy_article_tag` WHERE `tid` = 22 LIMIT 1   [ RunTime:0.0001s ]
SQL: SELECT COUNT(*) AS tp_count FROM `bjy_article_tag` WHERE `tid` = 23 LIMIT 1   [ RunTime:0.0001s ]
SQL: SELECT COUNT(*) AS tp_count FROM `bjy_article_tag` WHERE `tid` = 24 LIMIT 1   [ RunTime:0.0001s ]
SQL: SELECT COUNT(*) AS tp_count FROM `bjy_article_tag` WHERE `tid` = 25 LIMIT 1   [ RunTime:0.0001s ]
SQL: SELECT COUNT(*) AS tp_count FROM `bjy_article_tag` WHERE `tid` = 26 LIMIT 1   [ RunTime:0.0001s ]
SQL: SELECT COUNT(*) AS tp_count FROM `bjy_article_tag` WHERE `tid` = 27 LIMIT 1   [ RunTime:0.0001s ]
SQL: SELECT COUNT(*) AS tp_count FROM `bjy_article_tag` WHERE `tid` = 28 LIMIT 1   [ RunTime:0.0001s ]
SQL: SELECT COUNT(*) AS tp_count FROM `bjy_article_tag` WHERE `tid` = 29 LIMIT 1   [ RunTime:0.0001s ]
SQL: SELECT COUNT(*) AS tp_count FROM `bjy_article_tag` WHERE `tid` = 30 LIMIT 1   [ RunTime:0.0001s ]
SQL: SELECT COUNT(*) AS tp_count FROM `bjy_article_tag` WHERE `tid` = 31 LIMIT 1   [ RunTime:0.0001s ]
SQL: SHOW COLUMNS FROM `bjy_link` [ RunTime:0.0003s ]
SQL: SELECT * FROM `bjy_link` WHERE `is_delete` = 0 AND `is_show` = 1 ORDER BY sort  [ RunTime:0.0001s ]
SQL: SHOW COLUMNS FROM `bjy_article` [ RunTime:0.0003s ]
SQL: SELECT COUNT(*) AS tp_count FROM `bjy_article` WHERE `is_delete` = 0 AND `is_show` = 1 LIMIT 1   [ RunTime:0.0001s ]
SQL: SELECT * FROM `bjy_article` WHERE `is_delete` = 0 AND `is_show` = 1 ORDER BY addtime desc LIMIT 0,10   [ RunTime:0.0006s ]
SQL: SHOW COLUMNS FROM `bjy_article_tag` [ RunTime:0.0003s ]
SQL: SHOW COLUMNS FROM `bjy_article_tag` [ RunTime:0.0002s ]
SQL: SELECT * FROM `bjy_article_tag` INNER JOIN bjy_tag ON bjy_article_tag.tid=bjy_tag.tid  WHERE `aid` = '33'  [ RunTime:0.0002s ]
SQL: SHOW COLUMNS FROM `bjy_article_pic` [ RunTime:0.0002s ]
SQL: SELECT `path` FROM `bjy_article_pic` WHERE `aid` = 33 ORDER BY ap_id asc LIMIT 1   [ RunTime:0.0001s ]
SQL: SELECT `cid`,`cid`,`cname` FROM `bjy_category` WHERE `cid` = 31  [ RunTime:0.0001s ]
SQL: SELECT * FROM `bjy_article_tag` INNER JOIN bjy_tag ON bjy_article_tag.tid=bjy_tag.tid  WHERE `aid` = '32'  [ RunTime:0.0001s ]
SQL: SELECT `path` FROM `bjy_article_pic` WHERE `aid` = 32 ORDER BY ap_id asc LIMIT 1   [ RunTime:0.0001s ]
SQL: SELECT `cid`,`cid`,`cname` FROM `bjy_category` WHERE `cid` = 29  [ RunTime:0.0001s ]
SQL: SELECT * FROM `bjy_article_tag` INNER JOIN bjy_tag ON bjy_article_tag.tid=bjy_tag.tid  WHERE `aid` = '31'  [ RunTime:0.0001s ]
SQL: SELECT `path` FROM `bjy_article_pic` WHERE `aid` = 31 ORDER BY ap_id asc LIMIT 1   [ RunTime:0.0001s ]
SQL: SELECT `cid`,`cid`,`cname` FROM `bjy_category` WHERE `cid` = 34  [ RunTime:0.0001s ]
SQL: SELECT * FROM `bjy_article_tag` INNER JOIN bjy_tag ON bjy_article_tag.tid=bjy_tag.tid  WHERE `aid` = '30'  [ RunTime:0.0001s ]
SQL: SELECT `path` FROM `bjy_article_pic` WHERE `aid` = 30 ORDER BY ap_id asc LIMIT 1   [ RunTime:0.0001s ]
SQL: SELECT `cid`,`cid`,`cname` FROM `bjy_category` WHERE `cid` = 31  [ RunTime:0.0001s ]
SQL: SELECT * FROM `bjy_article_tag` INNER JOIN bjy_tag ON bjy_article_tag.tid=bjy_tag.tid  WHERE `aid` = '29'  [ RunTime:0.0001s ]
SQL: SELECT `path` FROM `bjy_article_pic` WHERE `aid` = 29 ORDER BY ap_id asc LIMIT 1   [ RunTime:0.0001s ]
SQL: SELECT `cid`,`cid`,`cname` FROM `bjy_category` WHERE `cid` = 34  [ RunTime:0.0001s ]
SQL: SELECT * FROM `bjy_article_tag` INNER JOIN bjy_tag ON bjy_article_tag.tid=bjy_tag.tid  WHERE `aid` = '28'  [ RunTime:0.0001s ]
SQL: SELECT `path` FROM `bjy_article_pic` WHERE `aid` = 28 ORDER BY ap_id asc LIMIT 1   [ RunTime:0.0001s ]
SQL: SELECT `cid`,`cid`,`cname` FROM `bjy_category` WHERE `cid` = 33  [ RunTime:0.0001s ]
SQL: SELECT * FROM `bjy_article_tag` INNER JOIN bjy_tag ON bjy_article_tag.tid=bjy_tag.tid  WHERE `aid` = '27'  [ RunTime:0.0002s ]
SQL: SELECT `path` FROM `bjy_article_pic` WHERE `aid` = 27 ORDER BY ap_id asc LIMIT 1   [ RunTime:0.0001s ]
SQL: SELECT `cid`,`cid`,`cname` FROM `bjy_category` WHERE `cid` = 32  [ RunTime:0.0001s ]
SQL: SELECT * FROM `bjy_article_tag` INNER JOIN bjy_tag ON bjy_article_tag.tid=bjy_tag.tid  WHERE `aid` = '26'  [ RunTime:0.0001s ]
SQL: SELECT `path` FROM `bjy_article_pic` WHERE `aid` = 26 ORDER BY ap_id asc LIMIT 1   [ RunTime:0.0001s ]
SQL: SELECT `cid`,`cid`,`cname` FROM `bjy_category` WHERE `cid` = 31  [ RunTime:0.0001s ]
SQL: SELECT * FROM `bjy_article_tag` INNER JOIN bjy_tag ON bjy_article_tag.tid=bjy_tag.tid  WHERE `aid` = '24'  [ RunTime:0.0001s ]
SQL: SELECT `path` FROM `bjy_article_pic` WHERE `aid` = 24 ORDER BY ap_id asc LIMIT 1   [ RunTime:0.0001s ]
SQL: SELECT `cid`,`cid`,`cname` FROM `bjy_category` WHERE `cid` = 31  [ RunTime:0.0001s ]
SQL: SELECT * FROM `bjy_article_tag` INNER JOIN bjy_tag ON bjy_article_tag.tid=bjy_tag.tid  WHERE `aid` = '23'  [ RunTime:0.0001s ]
SQL: SELECT `path` FROM `bjy_article_pic` WHERE `aid` = 23 ORDER BY ap_id asc LIMIT 1   [ RunTime:0.0001s ]
SQL: SELECT `cid`,`cid`,`cname` FROM `bjy_category` WHERE `cid` = 33  [ RunTime:0.0001s ]
INFO: [ view_parse ] --START--
INFO: [ template_filter ] --START--
INFO: Run Behavior\ContentReplaceBehavior [ RunTime:0.000113s ]
INFO: [ template_filter ] --END-- [ RunTime:0.000133s ]
NOTIC: [8] Use of undefined constant url - assumed 'url' /var/www/html/blog/Runtime/Cache/Home/08d30c77e78bd0ac29232fbc421b5dcd.php 第 52 行.
INFO: Run Behavior\ParseTemplateBehavior [ RunTime:0.007420s ]
INFO: [ view_parse ] --END-- [ RunTime:0.007438s ]
INFO: [ view_filter ] --START--
INFO: Run Behavior\WriteHtmlCacheBehavior [ RunTime:0.000070s ]
INFO: [ view_filter ] --END-- [ RunTime:0.000083s ]
INFO: [ app_end ] --START--
INFO: Run Behavior\ShowPageTraceBehavior [ RunTime:0.000257s ]
INFO: [ app_end ] --END-- [ RunTime:0.000277s ]

